{"C:\\Users\\altam\\Downloads\\FastFeast\\backend\\src\\config\\env.ts": {"path":"C:\\Users\\altam\\Downloads\\FastFeast\\backend\\src\\config\\env.ts","statementMap":{"0":{"start":{"line":1,"column":0},"end":{"line":1,"column":28}},"1":{"start":{"line":2,"column":0},"end":{"line":2,"column":24}},"2":{"start":{"line":4,"column":0},"end":{"line":4,"column":63}},"3":{"start":{"line":18,"column":16},"end":{"line":18,"column":48}},"4":{"start":{"line":19,"column":2},"end":{"line":21,"column":3}},"5":{"start":{"line":20,"column":4},"end":{"line":20,"column":69}},"6":{"start":{"line":22,"column":2},"end":{"line":22,"column":15}},"7":{"start":{"line":25,"column":13},"end":{"line":34,"column":2}},"8":{"start":{"line":36,"column":13},"end":{"line":36,"column":51}},"9":{"start":{"line":37,"column":13},"end":{"line":37,"column":51}}},"fnMap":{"0":{"name":"getEnvVar","decl":{"start":{"line":17,"column":9},"end":{"line":17,"column":18}},"loc":{"start":{"line":17,"column":53},"end":{"line":23,"column":1}}}},"branchMap":{"0":{"loc":{"start":{"line":18,"column":16},"end":{"line":18,"column":48}},"type":"binary-expr","locations":[{"start":{"line":18,"column":16},"end":{"line":18,"column":32}},{"start":{"line":18,"column":36},"end":{"line":18,"column":48}}]},"1":{"loc":{"start":{"line":19,"column":2},"end":{"line":21,"column":3}},"type":"if","locations":[{"start":{"line":19,"column":2},"end":{"line":21,"column":3}},{"start":{},"end":{}}]}},"s":{"0":3,"1":3,"2":3,"3":24,"4":24,"5":0,"6":24,"7":3,"8":3,"9":3},"f":{"0":24},"b":{"0":[24,0],"1":[0,24]}}
,"C:\\Users\\altam\\Downloads\\FastFeast\\backend\\src\\controllers\\auth.controller.ts": {"path":"C:\\Users\\altam\\Downloads\\FastFeast\\backend\\src\\controllers\\auth.controller.ts","statementMap":{"0":{"start":{"line":2,"column":0},"end":{"line":2,"column":24}},"1":{"start":{"line":3,"column":0},"end":{"line":3,"column":33}},"2":{"start":{"line":4,"column":0},"end":{"line":4,"column":51}},"3":{"start":{"line":5,"column":0},"end":{"line":5,"column":45}},"4":{"start":{"line":6,"column":0},"end":{"line":6,"column":53}},"5":{"start":{"line":7,"column":0},"end":{"line":7,"column":63}},"6":{"start":{"line":12,"column":13},"end":{"line":25,"column":3}},"7":{"start":{"line":27,"column":13},"end":{"line":30,"column":3}},"8":{"start":{"line":32,"column":13},"end":{"line":36,"column":3}},"9":{"start":{"line":38,"column":13},"end":{"line":49,"column":3}},"10":{"start":{"line":53,"column":13},"end":{"line":83,"column":3}},"11":{"start":{"line":54,"column":43},"end":{"line":54,"column":73}},"12":{"start":{"line":56,"column":23},"end":{"line":58,"column":4}},"13":{"start":{"line":60,"column":2},"end":{"line":63,"column":3}},"14":{"start":{"line":61,"column":18},"end":{"line":61,"column":66}},"15":{"start":{"line":62,"column":4},"end":{"line":62,"column":62}},"16":{"start":{"line":65,"column":15},"end":{"line":70,"column":4}},"17":{"start":{"line":72,"column":16},"end":{"line":72,"column":43}},"18":{"start":{"line":74,"column":2},"end":{"line":82,"column":4}},"19":{"start":{"line":85,"column":13},"end":{"line":103,"column":3}},"20":{"start":{"line":86,"column":30},"end":{"line":86,"column":57}},"21":{"start":{"line":88,"column":15},"end":{"line":88,"column":64}},"22":{"start":{"line":89,"column":2},"end":{"line":91,"column":3}},"23":{"start":{"line":90,"column":4},"end":{"line":90,"column":61}},"24":{"start":{"line":93,"column":26},"end":{"line":93,"column":62}},"25":{"start":{"line":94,"column":2},"end":{"line":96,"column":3}},"26":{"start":{"line":95,"column":4},"end":{"line":95,"column":61}},"27":{"start":{"line":98,"column":16},"end":{"line":98,"column":43}},"28":{"start":{"line":100,"column":2},"end":{"line":102,"column":4}},"29":{"start":{"line":105,"column":13},"end":{"line":112,"column":3}},"30":{"start":{"line":106,"column":15},"end":{"line":106,"column":49}},"31":{"start":{"line":107,"column":2},"end":{"line":109,"column":3}},"32":{"start":{"line":108,"column":4},"end":{"line":108,"column":46}},"33":{"start":{"line":111,"column":2},"end":{"line":111,"column":42}},"34":{"start":{"line":114,"column":13},"end":{"line":136,"column":2}},"35":{"start":{"line":116,"column":19},"end":{"line":122,"column":6}},"36":{"start":{"line":124,"column":20},"end":{"line":124,"column":42}},"37":{"start":{"line":125,"column":17},"end":{"line":128,"column":6}},"38":{"start":{"line":130,"column":4},"end":{"line":132,"column":5}},"39":{"start":{"line":131,"column":6},"end":{"line":131,"column":48}},"40":{"start":{"line":134,"column":4},"end":{"line":134,"column":63}},"41":{"start":{"line":138,"column":13},"end":{"line":151,"column":3}},"42":{"start":{"line":139,"column":20},"end":{"line":139,"column":49}},"43":{"start":{"line":142,"column":18},"end":{"line":142,"column":26}},"44":{"start":{"line":143,"column":2},"end":{"line":143,"column":52}},"45":{"start":{"line":145,"column":2},"end":{"line":150,"column":4}},"46":{"start":{"line":153,"column":13},"end":{"line":186,"column":2}},"47":{"start":{"line":155,"column":33},"end":{"line":155,"column":64}},"48":{"start":{"line":158,"column":4},"end":{"line":160,"column":5}},"49":{"start":{"line":159,"column":6},"end":{"line":159,"column":47}},"50":{"start":{"line":162,"column":15},"end":{"line":162,"column":44}},"51":{"start":{"line":164,"column":4},"end":{"line":180,"column":5}},"52":{"start":{"line":165,"column":6},"end":{"line":167,"column":7}},"53":{"start":{"line":166,"column":8},"end":{"line":166,"column":68}},"54":{"start":{"line":169,"column":20},"end":{"line":172,"column":50}},"55":{"start":{"line":174,"column":6},"end":{"line":179,"column":9}},"56":{"start":{"line":182,"column":18},"end":{"line":182,"column":45}},"57":{"start":{"line":184,"column":4},"end":{"line":184,"column":80}}},"fnMap":{"0":{"name":"(anonymous_0)","decl":{"start":{"line":53,"column":37},"end":{"line":53,"column":42}},"loc":{"start":{"line":53,"column":79},"end":{"line":83,"column":1}}},"1":{"name":"(anonymous_1)","decl":{"start":{"line":85,"column":34},"end":{"line":85,"column":39}},"loc":{"start":{"line":85,"column":76},"end":{"line":103,"column":1}}},"2":{"name":"(anonymous_2)","decl":{"start":{"line":105,"column":34},"end":{"line":105,"column":39}},"loc":{"start":{"line":105,"column":76},"end":{"line":112,"column":1}}},"3":{"name":"(anonymous_3)","decl":{"start":{"line":115,"column":2},"end":{"line":115,"column":7}},"loc":{"start":{"line":115,"column":44},"end":{"line":135,"column":3}}},"4":{"name":"(anonymous_4)","decl":{"start":{"line":138,"column":36},"end":{"line":138,"column":41}},"loc":{"start":{"line":138,"column":78},"end":{"line":151,"column":1}}},"5":{"name":"(anonymous_5)","decl":{"start":{"line":154,"column":2},"end":{"line":154,"column":7}},"loc":{"start":{"line":154,"column":44},"end":{"line":185,"column":3}}}},"branchMap":{"0":{"loc":{"start":{"line":60,"column":2},"end":{"line":63,"column":3}},"type":"if","locations":[{"start":{"line":60,"column":2},"end":{"line":63,"column":3}},{"start":{},"end":{}}]},"1":{"loc":{"start":{"line":61,"column":18},"end":{"line":61,"column":66}},"type":"cond-expr","locations":[{"start":{"line":61,"column":49},"end":{"line":61,"column":56}},{"start":{"line":61,"column":59},"end":{"line":61,"column":66}}]},"2":{"loc":{"start":{"line":89,"column":2},"end":{"line":91,"column":3}},"type":"if","locations":[{"start":{"line":89,"column":2},"end":{"line":91,"column":3}},{"start":{},"end":{}}]},"3":{"loc":{"start":{"line":94,"column":2},"end":{"line":96,"column":3}},"type":"if","locations":[{"start":{"line":94,"column":2},"end":{"line":96,"column":3}},{"start":{},"end":{}}]},"4":{"loc":{"start":{"line":107,"column":2},"end":{"line":109,"column":3}},"type":"if","locations":[{"start":{"line":107,"column":2},"end":{"line":109,"column":3}},{"start":{},"end":{}}]},"5":{"loc":{"start":{"line":130,"column":4},"end":{"line":132,"column":5}},"type":"if","locations":[{"start":{"line":130,"column":4},"end":{"line":132,"column":5}},{"start":{},"end":{}}]},"6":{"loc":{"start":{"line":158,"column":4},"end":{"line":160,"column":5}},"type":"if","locations":[{"start":{"line":158,"column":4},"end":{"line":160,"column":5}},{"start":{},"end":{}}]},"7":{"loc":{"start":{"line":164,"column":4},"end":{"line":180,"column":5}},"type":"if","locations":[{"start":{"line":164,"column":4},"end":{"line":180,"column":5}},{"start":{},"end":{}}]},"8":{"loc":{"start":{"line":165,"column":6},"end":{"line":167,"column":7}},"type":"if","locations":[{"start":{"line":165,"column":6},"end":{"line":167,"column":7}},{"start":{},"end":{}}]}},"s":{"0":1,"1":1,"2":1,"3":1,"4":1,"5":1,"6":1,"7":1,"8":1,"9":1,"10":1,"11":3,"12":3,"13":3,"14":2,"15":2,"16":1,"17":1,"18":1,"19":1,"20":3,"21":3,"22":3,"23":1,"24":2,"25":2,"26":1,"27":1,"28":1,"29":1,"30":2,"31":2,"32":1,"33":1,"34":1,"35":2,"36":2,"37":1,"38":1,"39":0,"40":1,"41":1,"42":1,"43":1,"44":1,"45":1,"46":1,"47":4,"48":4,"49":1,"50":3,"51":3,"52":2,"53":1,"54":1,"55":1,"56":2,"57":2},"f":{"0":3,"1":3,"2":2,"3":2,"4":1,"5":4},"b":{"0":[2,1],"1":[1,1],"2":[1,2],"3":[1,1],"4":[1,1],"5":[0,1],"6":[1,3],"7":[2,1],"8":[1,1]}}
,"C:\\Users\\altam\\Downloads\\FastFeast\\backend\\src\\controllers\\canteen.controller.ts": {"path":"C:\\Users\\altam\\Downloads\\FastFeast\\backend\\src\\controllers\\canteen.controller.ts","statementMap":{"0":{"start":{"line":2,"column":0},"end":{"line":2,"column":24}},"1":{"start":{"line":3,"column":0},"end":{"line":3,"column":53}},"2":{"start":{"line":4,"column":0},"end":{"line":4,"column":51}},"3":{"start":{"line":5,"column":0},"end":{"line":5,"column":45}},"4":{"start":{"line":6,"column":0},"end":{"line":6,"column":53}},"5":{"start":{"line":8,"column":0},"end":{"line":8,"column":76}},"6":{"start":{"line":12,"column":28},"end":{"line":24,"column":2}},"7":{"start":{"line":26,"column":28},"end":{"line":26,"column":57}},"8":{"start":{"line":30,"column":13},"end":{"line":62,"column":2}},"9":{"start":{"line":32,"column":17},"end":{"line":32,"column":80}},"10":{"start":{"line":33,"column":18},"end":{"line":35,"column":null}},"11":{"start":{"line":37,"column":17},"end":{"line":37,"column":35}},"12":{"start":{"line":39,"column":44},"end":{"line":39,"column":62}},"13":{"start":{"line":41,"column":4},"end":{"line":43,"column":5}},"14":{"start":{"line":42,"column":6},"end":{"line":42,"column":61}},"15":{"start":{"line":45,"column":4},"end":{"line":47,"column":5}},"16":{"start":{"line":46,"column":6},"end":{"line":46,"column":45}},"17":{"start":{"line":49,"column":23},"end":{"line":49,"column":60}},"18":{"start":{"line":50,"column":22},"end":{"line":50,"column":56}},"19":{"start":{"line":52,"column":30},"end":{"line":58,"column":6}},"20":{"start":{"line":60,"column":4},"end":{"line":60,"column":66}},"21":{"start":{"line":64,"column":13},"end":{"line":75,"column":2}},"22":{"start":{"line":66,"column":19},"end":{"line":66,"column":29}},"23":{"start":{"line":68,"column":20},"end":{"line":68,"column":46}},"24":{"start":{"line":69,"column":4},"end":{"line":71,"column":5}},"25":{"start":{"line":70,"column":6},"end":{"line":70,"column":51}},"26":{"start":{"line":73,"column":4},"end":{"line":73,"column":43}},"27":{"start":{"line":77,"column":13},"end":{"line":96,"column":2}},"28":{"start":{"line":79,"column":19},"end":{"line":79,"column":29}},"29":{"start":{"line":81,"column":20},"end":{"line":81,"column":46}},"30":{"start":{"line":82,"column":4},"end":{"line":84,"column":5}},"31":{"start":{"line":83,"column":6},"end":{"line":83,"column":51}},"32":{"start":{"line":86,"column":22},"end":{"line":87,"column":51}},"33":{"start":{"line":89,"column":4},"end":{"line":94,"column":6}},"34":{"start":{"line":98,"column":13},"end":{"line":115,"column":2}},"35":{"start":{"line":100,"column":4},"end":{"line":102,"column":5}},"36":{"start":{"line":101,"column":6},"end":{"line":101,"column":85}},"37":{"start":{"line":104,"column":17},"end":{"line":104,"column":52}},"38":{"start":{"line":106,"column":20},"end":{"line":109,"column":6}},"39":{"start":{"line":111,"column":4},"end":{"line":113,"column":6}},"40":{"start":{"line":117,"column":13},"end":{"line":142,"column":2}},"41":{"start":{"line":119,"column":19},"end":{"line":119,"column":29}},"42":{"start":{"line":120,"column":17},"end":{"line":120,"column":52}},"43":{"start":{"line":122,"column":20},"end":{"line":122,"column":46}},"44":{"start":{"line":123,"column":4},"end":{"line":125,"column":5}},"45":{"start":{"line":124,"column":6},"end":{"line":124,"column":51}},"46":{"start":{"line":128,"column":4},"end":{"line":133,"column":5}},"47":{"start":{"line":132,"column":6},"end":{"line":132,"column":71}},"48":{"start":{"line":135,"column":20},"end":{"line":138,"column":6}},"49":{"start":{"line":140,"column":4},"end":{"line":140,"column":75}},"50":{"start":{"line":144,"column":13},"end":{"line":159,"column":2}},"51":{"start":{"line":146,"column":19},"end":{"line":146,"column":29}},"52":{"start":{"line":148,"column":4},"end":{"line":150,"column":5}},"53":{"start":{"line":149,"column":6},"end":{"line":149,"column":66}},"54":{"start":{"line":152,"column":20},"end":{"line":152,"column":76}},"55":{"start":{"line":153,"column":4},"end":{"line":155,"column":5}},"56":{"start":{"line":154,"column":6},"end":{"line":154,"column":51}},"57":{"start":{"line":157,"column":4},"end":{"line":157,"column":76}},"58":{"start":{"line":161,"column":13},"end":{"line":196,"column":2}},"59":{"start":{"line":163,"column":19},"end":{"line":163,"column":29}},"60":{"start":{"line":165,"column":4},"end":{"line":167,"column":5}},"61":{"start":{"line":166,"column":6},"end":{"line":166,"column":48}},"62":{"start":{"line":169,"column":44},"end":{"line":169,"column":46}},"63":{"start":{"line":170,"column":4},"end":{"line":172,"column":5}},"64":{"start":{"line":171,"column":6},"end":{"line":171,"column":22}},"65":{"start":{"line":173,"column":4},"end":{"line":175,"column":5}},"66":{"start":{"line":174,"column":6},"end":{"line":174,"column":36}},"67":{"start":{"line":177,"column":21},"end":{"line":177,"column":61}},"68":{"start":{"line":178,"column":23},"end":{"line":178,"column":49}},"69":{"start":{"line":178,"column":43},"end":{"line":178,"column":48}},"70":{"start":{"line":180,"column":40},"end":{"line":186,"column":6}},"71":{"start":{"line":188,"column":4},"end":{"line":194,"column":6}}},"fnMap":{"0":{"name":"(anonymous_0)","decl":{"start":{"line":31,"column":2},"end":{"line":31,"column":7}},"loc":{"start":{"line":31,"column":44},"end":{"line":61,"column":3}}},"1":{"name":"(anonymous_1)","decl":{"start":{"line":65,"column":2},"end":{"line":65,"column":7}},"loc":{"start":{"line":65,"column":44},"end":{"line":74,"column":3}}},"2":{"name":"(anonymous_2)","decl":{"start":{"line":78,"column":2},"end":{"line":78,"column":7}},"loc":{"start":{"line":78,"column":44},"end":{"line":95,"column":3}}},"3":{"name":"(anonymous_3)","decl":{"start":{"line":99,"column":2},"end":{"line":99,"column":7}},"loc":{"start":{"line":99,"column":44},"end":{"line":114,"column":3}}},"4":{"name":"(anonymous_4)","decl":{"start":{"line":118,"column":2},"end":{"line":118,"column":7}},"loc":{"start":{"line":118,"column":44},"end":{"line":141,"column":3}}},"5":{"name":"(anonymous_5)","decl":{"start":{"line":145,"column":2},"end":{"line":145,"column":7}},"loc":{"start":{"line":145,"column":44},"end":{"line":158,"column":3}}},"6":{"name":"(anonymous_6)","decl":{"start":{"line":162,"column":2},"end":{"line":162,"column":7}},"loc":{"start":{"line":162,"column":44},"end":{"line":195,"column":3}}},"7":{"name":"(anonymous_7)","decl":{"start":{"line":178,"column":36},"end":{"line":178,"column":37}},"loc":{"start":{"line":178,"column":43},"end":{"line":178,"column":48}}}},"branchMap":{"0":{"loc":{"start":{"line":32,"column":29},"end":{"line":32,"column":79}},"type":"binary-expr","locations":[{"start":{"line":32,"column":29},"end":{"line":32,"column":63}},{"start":{"line":32,"column":67},"end":{"line":32,"column":79}}]},"1":{"loc":{"start":{"line":35,"column":18},"end":{"line":35,"column":70}},"type":"binary-expr","locations":[{"start":{"line":35,"column":18},"end":{"line":35,"column":53}},{"start":{"line":35,"column":57},"end":{"line":35,"column":70}}]},"2":{"loc":{"start":{"line":41,"column":4},"end":{"line":43,"column":5}},"type":"if","locations":[{"start":{"line":41,"column":4},"end":{"line":43,"column":5}},{"start":{},"end":{}}]},"3":{"loc":{"start":{"line":45,"column":4},"end":{"line":47,"column":5}},"type":"if","locations":[{"start":{"line":45,"column":4},"end":{"line":47,"column":5}},{"start":{},"end":{}}]},"4":{"loc":{"start":{"line":49,"column":23},"end":{"line":49,"column":60}},"type":"binary-expr","locations":[{"start":{"line":49,"column":23},"end":{"line":49,"column":48}},{"start":{"line":49,"column":52},"end":{"line":49,"column":60}}]},"5":{"loc":{"start":{"line":50,"column":22},"end":{"line":50,"column":56}},"type":"cond-expr","locations":[{"start":{"line":50,"column":50},"end":{"line":50,"column":51}},{"start":{"line":50,"column":54},"end":{"line":50,"column":56}}]},"6":{"loc":{"start":{"line":69,"column":4},"end":{"line":71,"column":5}},"type":"if","locations":[{"start":{"line":69,"column":4},"end":{"line":71,"column":5}},{"start":{},"end":{}}]},"7":{"loc":{"start":{"line":82,"column":4},"end":{"line":84,"column":5}},"type":"if","locations":[{"start":{"line":82,"column":4},"end":{"line":84,"column":5}},{"start":{},"end":{}}]},"8":{"loc":{"start":{"line":100,"column":4},"end":{"line":102,"column":5}},"type":"if","locations":[{"start":{"line":100,"column":4},"end":{"line":102,"column":5}},{"start":{},"end":{}}]},"9":{"loc":{"start":{"line":100,"column":8},"end":{"line":100,"column":55}},"type":"binary-expr","locations":[{"start":{"line":100,"column":8},"end":{"line":100,"column":26}},{"start":{"line":100,"column":30},"end":{"line":100,"column":55}}]},"10":{"loc":{"start":{"line":108,"column":15},"end":{"line":108,"column":60}},"type":"cond-expr","locations":[{"start":{"line":108,"column":35},"end":{"line":108,"column":44}},{"start":{"line":108,"column":47},"end":{"line":108,"column":60}}]},"11":{"loc":{"start":{"line":123,"column":4},"end":{"line":125,"column":5}},"type":"if","locations":[{"start":{"line":123,"column":4},"end":{"line":125,"column":5}},{"start":{},"end":{}}]},"12":{"loc":{"start":{"line":128,"column":4},"end":{"line":133,"column":5}},"type":"if","locations":[{"start":{"line":128,"column":4},"end":{"line":133,"column":5}},{"start":{},"end":{}}]},"13":{"loc":{"start":{"line":129,"column":6},"end":{"line":130,"column":62}},"type":"binary-expr","locations":[{"start":{"line":129,"column":6},"end":{"line":129,"column":24}},{"start":{"line":130,"column":6},"end":{"line":130,"column":62}}]},"14":{"loc":{"start":{"line":148,"column":4},"end":{"line":150,"column":5}},"type":"if","locations":[{"start":{"line":148,"column":4},"end":{"line":150,"column":5}},{"start":{},"end":{}}]},"15":{"loc":{"start":{"line":153,"column":4},"end":{"line":155,"column":5}},"type":"if","locations":[{"start":{"line":153,"column":4},"end":{"line":155,"column":5}},{"start":{},"end":{}}]},"16":{"loc":{"start":{"line":165,"column":4},"end":{"line":167,"column":5}},"type":"if","locations":[{"start":{"line":165,"column":4},"end":{"line":167,"column":5}},{"start":{},"end":{}}]},"17":{"loc":{"start":{"line":165,"column":8},"end":{"line":165,"column":55}},"type":"binary-expr","locations":[{"start":{"line":165,"column":8},"end":{"line":165,"column":26}},{"start":{"line":165,"column":30},"end":{"line":165,"column":55}}]},"18":{"loc":{"start":{"line":170,"column":4},"end":{"line":172,"column":5}},"type":"if","locations":[{"start":{"line":170,"column":4},"end":{"line":172,"column":5}},{"start":{},"end":{}}]},"19":{"loc":{"start":{"line":173,"column":4},"end":{"line":175,"column":5}},"type":"if","locations":[{"start":{"line":173,"column":4},"end":{"line":175,"column":5}},{"start":{},"end":{}}]},"20":{"loc":{"start":{"line":173,"column":8},"end":{"line":173,"column":54}},"type":"binary-expr","locations":[{"start":{"line":173,"column":8},"end":{"line":173,"column":32}},{"start":{"line":173,"column":36},"end":{"line":173,"column":54}}]}},"s":{"0":1,"1":1,"2":1,"3":1,"4":1,"5":1,"6":1,"7":1,"8":1,"9":4,"10":4,"11":4,"12":4,"13":4,"14":1,"15":4,"16":1,"17":4,"18":4,"19":4,"20":4,"21":1,"22":2,"23":2,"24":2,"25":1,"26":1,"27":1,"28":2,"29":2,"30":2,"31":1,"32":1,"33":1,"34":1,"35":3,"36":1,"37":2,"38":2,"39":2,"40":1,"41":3,"42":3,"43":3,"44":3,"45":1,"46":2,"47":1,"48":1,"49":1,"50":1,"51":3,"52":3,"53":1,"54":2,"55":2,"56":1,"57":1,"58":1,"59":2,"60":2,"61":1,"62":1,"63":1,"64":1,"65":1,"66":0,"67":1,"68":1,"69":1,"70":1,"71":1},"f":{"0":4,"1":2,"2":2,"3":3,"4":3,"5":3,"6":2,"7":1},"b":{"0":[4,4],"1":[4,4],"2":[1,3],"3":[1,3],"4":[4,3],"5":[1,3],"6":[1,1],"7":[1,1],"8":[1,2],"9":[3,2],"10":[1,1],"11":[1,2],"12":[1,1],"13":[2,2],"14":[1,2],"15":[1,1],"16":[1,1],"17":[2,1],"18":[1,0],"19":[0,1],"20":[1,0]}}
,"C:\\Users\\altam\\Downloads\\FastFeast\\backend\\src\\controllers\\menu.controller.ts": {"path":"C:\\Users\\altam\\Downloads\\FastFeast\\backend\\src\\controllers\\menu.controller.ts","statementMap":{"0":{"start":{"line":2,"column":0},"end":{"line":2,"column":24}},"1":{"start":{"line":3,"column":0},"end":{"line":3,"column":37}},"2":{"start":{"line":4,"column":0},"end":{"line":4,"column":51}},"3":{"start":{"line":5,"column":0},"end":{"line":5,"column":45}},"4":{"start":{"line":6,"column":0},"end":{"line":6,"column":53}},"5":{"start":{"line":8,"column":0},"end":{"line":8,"column":76}},"6":{"start":{"line":12,"column":29},"end":{"line":26,"column":2}},"7":{"start":{"line":28,"column":29},"end":{"line":28,"column":59}},"8":{"start":{"line":32,"column":13},"end":{"line":78,"column":2}},"9":{"start":{"line":34,"column":17},"end":{"line":34,"column":80}},"10":{"start":{"line":35,"column":18},"end":{"line":37,"column":null}},"11":{"start":{"line":39,"column":17},"end":{"line":39,"column":35}},"12":{"start":{"line":41,"column":44},"end":{"line":41,"column":46}},"13":{"start":{"line":43,"column":4},"end":{"line":45,"column":5}},"14":{"start":{"line":44,"column":6},"end":{"line":44,"column":45}},"15":{"start":{"line":46,"column":4},"end":{"line":48,"column":5}},"16":{"start":{"line":47,"column":6},"end":{"line":47,"column":43}},"17":{"start":{"line":49,"column":4},"end":{"line":51,"column":5}},"18":{"start":{"line":50,"column":6},"end":{"line":50,"column":48}},"19":{"start":{"line":52,"column":4},"end":{"line":54,"column":5}},"20":{"start":{"line":53,"column":6},"end":{"line":53,"column":58}},"21":{"start":{"line":55,"column":4},"end":{"line":57,"column":5}},"22":{"start":{"line":56,"column":6},"end":{"line":56,"column":50}},"23":{"start":{"line":58,"column":4},"end":{"line":60,"column":5}},"24":{"start":{"line":59,"column":6},"end":{"line":59,"column":52}},"25":{"start":{"line":61,"column":4},"end":{"line":63,"column":5}},"26":{"start":{"line":62,"column":6},"end":{"line":62,"column":61}},"27":{"start":{"line":65,"column":23},"end":{"line":65,"column":63}},"28":{"start":{"line":66,"column":22},"end":{"line":66,"column":57}},"29":{"start":{"line":68,"column":27},"end":{"line":74,"column":6}},"30":{"start":{"line":76,"column":4},"end":{"line":76,"column":63}},"31":{"start":{"line":80,"column":13},"end":{"line":88,"column":2}},"32":{"start":{"line":82,"column":17},"end":{"line":82,"column":55}},"33":{"start":{"line":83,"column":4},"end":{"line":85,"column":5}},"34":{"start":{"line":84,"column":6},"end":{"line":84,"column":53}},"35":{"start":{"line":86,"column":4},"end":{"line":86,"column":40}},"36":{"start":{"line":90,"column":13},"end":{"line":100,"column":2}},"37":{"start":{"line":92,"column":17},"end":{"line":92,"column":53}},"38":{"start":{"line":94,"column":17},"end":{"line":94,"column":44}},"39":{"start":{"line":96,"column":4},"end":{"line":98,"column":6}},"40":{"start":{"line":102,"column":13},"end":{"line":117,"column":2}},"41":{"start":{"line":104,"column":17},"end":{"line":104,"column":53}},"42":{"start":{"line":106,"column":17},"end":{"line":109,"column":6}},"43":{"start":{"line":111,"column":4},"end":{"line":113,"column":5}},"44":{"start":{"line":112,"column":6},"end":{"line":112,"column":53}},"45":{"start":{"line":115,"column":4},"end":{"line":115,"column":74}},"46":{"start":{"line":119,"column":13},"end":{"line":128,"column":2}},"47":{"start":{"line":121,"column":17},"end":{"line":121,"column":64}},"48":{"start":{"line":122,"column":4},"end":{"line":124,"column":5}},"49":{"start":{"line":123,"column":6},"end":{"line":123,"column":53}},"50":{"start":{"line":126,"column":4},"end":{"line":126,"column":74}},"51":{"start":{"line":130,"column":13},"end":{"line":144,"column":2}},"52":{"start":{"line":132,"column":18},"end":{"line":134,"column":null}},"53":{"start":{"line":137,"column":18},"end":{"line":140,"column":43}},"54":{"start":{"line":142,"column":4},"end":{"line":142,"column":41}},"55":{"start":{"line":146,"column":13},"end":{"line":160,"column":2}},"56":{"start":{"line":148,"column":18},"end":{"line":150,"column":null}},"57":{"start":{"line":153,"column":18},"end":{"line":156,"column":43}},"58":{"start":{"line":158,"column":4},"end":{"line":158,"column":41}},"59":{"start":{"line":162,"column":13},"end":{"line":180,"column":2}},"60":{"start":{"line":164,"column":26},"end":{"line":164,"column":36}},"61":{"start":{"line":166,"column":18},"end":{"line":167,"column":51}},"62":{"start":{"line":170,"column":50},"end":{"line":170,"column":52}},"63":{"start":{"line":171,"column":4},"end":{"line":176,"column":5}},"64":{"start":{"line":172,"column":6},"end":{"line":174,"column":7}},"65":{"start":{"line":173,"column":8},"end":{"line":173,"column":36}},"66":{"start":{"line":175,"column":6},"end":{"line":175,"column":40}},"67":{"start":{"line":178,"column":4},"end":{"line":178,"column":54}}},"fnMap":{"0":{"name":"(anonymous_0)","decl":{"start":{"line":33,"column":2},"end":{"line":33,"column":7}},"loc":{"start":{"line":33,"column":44},"end":{"line":77,"column":3}}},"1":{"name":"(anonymous_1)","decl":{"start":{"line":81,"column":2},"end":{"line":81,"column":7}},"loc":{"start":{"line":81,"column":44},"end":{"line":87,"column":3}}},"2":{"name":"(anonymous_2)","decl":{"start":{"line":91,"column":2},"end":{"line":91,"column":7}},"loc":{"start":{"line":91,"column":44},"end":{"line":99,"column":3}}},"3":{"name":"(anonymous_3)","decl":{"start":{"line":103,"column":2},"end":{"line":103,"column":7}},"loc":{"start":{"line":103,"column":44},"end":{"line":116,"column":3}}},"4":{"name":"(anonymous_4)","decl":{"start":{"line":120,"column":2},"end":{"line":120,"column":7}},"loc":{"start":{"line":120,"column":44},"end":{"line":127,"column":3}}},"5":{"name":"(anonymous_5)","decl":{"start":{"line":131,"column":2},"end":{"line":131,"column":7}},"loc":{"start":{"line":131,"column":44},"end":{"line":143,"column":3}}},"6":{"name":"(anonymous_6)","decl":{"start":{"line":147,"column":2},"end":{"line":147,"column":7}},"loc":{"start":{"line":147,"column":44},"end":{"line":159,"column":3}}},"7":{"name":"(anonymous_7)","decl":{"start":{"line":163,"column":2},"end":{"line":163,"column":7}},"loc":{"start":{"line":163,"column":44},"end":{"line":179,"column":3}}}},"branchMap":{"0":{"loc":{"start":{"line":34,"column":29},"end":{"line":34,"column":79}},"type":"binary-expr","locations":[{"start":{"line":34,"column":29},"end":{"line":34,"column":63}},{"start":{"line":34,"column":67},"end":{"line":34,"column":79}}]},"1":{"loc":{"start":{"line":37,"column":18},"end":{"line":37,"column":70}},"type":"binary-expr","locations":[{"start":{"line":37,"column":18},"end":{"line":37,"column":53}},{"start":{"line":37,"column":57},"end":{"line":37,"column":70}}]},"2":{"loc":{"start":{"line":43,"column":4},"end":{"line":45,"column":5}},"type":"if","locations":[{"start":{"line":43,"column":4},"end":{"line":45,"column":5}},{"start":{},"end":{}}]},"3":{"loc":{"start":{"line":46,"column":4},"end":{"line":48,"column":5}},"type":"if","locations":[{"start":{"line":46,"column":4},"end":{"line":48,"column":5}},{"start":{},"end":{}}]},"4":{"loc":{"start":{"line":49,"column":4},"end":{"line":51,"column":5}},"type":"if","locations":[{"start":{"line":49,"column":4},"end":{"line":51,"column":5}},{"start":{},"end":{}}]},"5":{"loc":{"start":{"line":52,"column":4},"end":{"line":54,"column":5}},"type":"if","locations":[{"start":{"line":52,"column":4},"end":{"line":54,"column":5}},{"start":{},"end":{}}]},"6":{"loc":{"start":{"line":55,"column":4},"end":{"line":57,"column":5}},"type":"if","locations":[{"start":{"line":55,"column":4},"end":{"line":57,"column":5}},{"start":{},"end":{}}]},"7":{"loc":{"start":{"line":58,"column":4},"end":{"line":60,"column":5}},"type":"if","locations":[{"start":{"line":58,"column":4},"end":{"line":60,"column":5}},{"start":{},"end":{}}]},"8":{"loc":{"start":{"line":61,"column":4},"end":{"line":63,"column":5}},"type":"if","locations":[{"start":{"line":61,"column":4},"end":{"line":63,"column":5}},{"start":{},"end":{}}]},"9":{"loc":{"start":{"line":65,"column":23},"end":{"line":65,"column":63}},"type":"binary-expr","locations":[{"start":{"line":65,"column":23},"end":{"line":65,"column":48}},{"start":{"line":65,"column":52},"end":{"line":65,"column":63}}]},"10":{"loc":{"start":{"line":66,"column":22},"end":{"line":66,"column":57}},"type":"cond-expr","locations":[{"start":{"line":66,"column":51},"end":{"line":66,"column":53}},{"start":{"line":66,"column":56},"end":{"line":66,"column":57}}]},"11":{"loc":{"start":{"line":83,"column":4},"end":{"line":85,"column":5}},"type":"if","locations":[{"start":{"line":83,"column":4},"end":{"line":85,"column":5}},{"start":{},"end":{}}]},"12":{"loc":{"start":{"line":111,"column":4},"end":{"line":113,"column":5}},"type":"if","locations":[{"start":{"line":111,"column":4},"end":{"line":113,"column":5}},{"start":{},"end":{}}]},"13":{"loc":{"start":{"line":122,"column":4},"end":{"line":124,"column":5}},"type":"if","locations":[{"start":{"line":122,"column":4},"end":{"line":124,"column":5}},{"start":{},"end":{}}]},"14":{"loc":{"start":{"line":134,"column":18},"end":{"line":134,"column":59}},"type":"binary-expr","locations":[{"start":{"line":134,"column":18},"end":{"line":134,"column":53}},{"start":{"line":134,"column":57},"end":{"line":134,"column":59}}]},"15":{"loc":{"start":{"line":150,"column":18},"end":{"line":150,"column":59}},"type":"binary-expr","locations":[{"start":{"line":150,"column":18},"end":{"line":150,"column":53}},{"start":{"line":150,"column":57},"end":{"line":150,"column":59}}]},"16":{"loc":{"start":{"line":172,"column":6},"end":{"line":174,"column":7}},"type":"if","locations":[{"start":{"line":172,"column":6},"end":{"line":174,"column":7}},{"start":{},"end":{}}]}},"s":{"0":1,"1":1,"2":1,"3":1,"4":1,"5":1,"6":1,"7":1,"8":1,"9":9,"10":9,"11":9,"12":9,"13":9,"14":1,"15":9,"16":1,"17":9,"18":1,"19":9,"20":1,"21":9,"22":1,"23":9,"24":1,"25":9,"26":1,"27":9,"28":9,"29":9,"30":9,"31":1,"32":2,"33":2,"34":1,"35":1,"36":1,"37":2,"38":1,"39":1,"40":1,"41":2,"42":2,"43":2,"44":1,"45":1,"46":1,"47":2,"48":2,"49":1,"50":1,"51":1,"52":3,"53":3,"54":3,"55":1,"56":2,"57":2,"58":2,"59":1,"60":2,"61":2,"62":2,"63":2,"64":2,"65":2,"66":2,"67":2},"f":{"0":9,"1":2,"2":2,"3":2,"4":2,"5":3,"6":2,"7":2},"b":{"0":[9,9],"1":[9,9],"2":[1,8],"3":[1,8],"4":[1,8],"5":[1,8],"6":[1,8],"7":[1,8],"8":[1,8],"9":[9,9],"10":[0,9],"11":[1,1],"12":[1,1],"13":[1,1],"14":[3,1],"15":[2,2],"16":[2,0]}}
,"C:\\Users\\altam\\Downloads\\FastFeast\\backend\\src\\controllers\\offer.controller.ts": {"path":"C:\\Users\\altam\\Downloads\\FastFeast\\backend\\src\\controllers\\offer.controller.ts","statementMap":{"0":{"start":{"line":2,"column":0},"end":{"line":2,"column":24}},"1":{"start":{"line":3,"column":0},"end":{"line":3,"column":42}},"2":{"start":{"line":4,"column":0},"end":{"line":4,"column":51}},"3":{"start":{"line":5,"column":0},"end":{"line":5,"column":45}},"4":{"start":{"line":6,"column":0},"end":{"line":6,"column":53}},"5":{"start":{"line":11,"column":26},"end":{"line":21,"column":2}},"6":{"start":{"line":23,"column":27},"end":{"line":32,"column":2}},"7":{"start":{"line":36,"column":13},"end":{"line":44,"column":2}},"8":{"start":{"line":38,"column":19},"end":{"line":40,"column":30}},"9":{"start":{"line":42,"column":4},"end":{"line":42,"column":42}},"10":{"start":{"line":46,"column":13},"end":{"line":61,"column":2}},"11":{"start":{"line":48,"column":17},"end":{"line":48,"column":50}},"12":{"start":{"line":50,"column":21},"end":{"line":50,"column":61}},"13":{"start":{"line":51,"column":4},"end":{"line":53,"column":5}},"14":{"start":{"line":52,"column":6},"end":{"line":52,"column":72}},"15":{"start":{"line":55,"column":18},"end":{"line":55,"column":42}},"16":{"start":{"line":57,"column":4},"end":{"line":59,"column":6}},"17":{"start":{"line":63,"column":13},"end":{"line":78,"column":2}},"18":{"start":{"line":65,"column":17},"end":{"line":65,"column":60}},"19":{"start":{"line":67,"column":18},"end":{"line":70,"column":6}},"20":{"start":{"line":72,"column":4},"end":{"line":74,"column":5}},"21":{"start":{"line":73,"column":6},"end":{"line":73,"column":49}},"22":{"start":{"line":76,"column":4},"end":{"line":76,"column":71}},"23":{"start":{"line":80,"column":13},"end":{"line":92,"column":2}},"24":{"start":{"line":82,"column":18},"end":{"line":84,"column":6}},"25":{"start":{"line":86,"column":4},"end":{"line":88,"column":5}},"26":{"start":{"line":87,"column":6},"end":{"line":87,"column":49}},"27":{"start":{"line":90,"column":4},"end":{"line":90,"column":74}},"28":{"start":{"line":94,"column":13},"end":{"line":117,"column":2}},"29":{"start":{"line":96,"column":21},"end":{"line":96,"column":31}},"30":{"start":{"line":98,"column":18},"end":{"line":98,"column":63}},"31":{"start":{"line":99,"column":4},"end":{"line":101,"column":5}},"32":{"start":{"line":100,"column":6},"end":{"line":100,"column":60}},"33":{"start":{"line":103,"column":4},"end":{"line":105,"column":5}},"34":{"start":{"line":104,"column":6},"end":{"line":104,"column":68}},"35":{"start":{"line":107,"column":4},"end":{"line":107,"column":23}},"36":{"start":{"line":108,"column":4},"end":{"line":108,"column":23}},"37":{"start":{"line":110,"column":4},"end":{"line":115,"column":6}},"38":{"start":{"line":121,"column":13},"end":{"line":134,"column":2}},"39":{"start":{"line":123,"column":20},"end":{"line":130,"column":30}},"40":{"start":{"line":132,"column":4},"end":{"line":132,"column":43}},"41":{"start":{"line":136,"column":13},"end":{"line":180,"column":2}},"42":{"start":{"line":138,"column":17},"end":{"line":138,"column":42}},"43":{"start":{"line":139,"column":27},"end":{"line":139,"column":36}},"44":{"start":{"line":141,"column":19},"end":{"line":149,"column":6}},"45":{"start":{"line":151,"column":4},"end":{"line":153,"column":5}},"46":{"start":{"line":152,"column":6},"end":{"line":152,"column":59}},"47":{"start":{"line":155,"column":4},"end":{"line":157,"column":5}},"48":{"start":{"line":156,"column":6},"end":{"line":156,"column":68}},"49":{"start":{"line":159,"column":23},"end":{"line":159,"column":58}},"50":{"start":{"line":160,"column":4},"end":{"line":164,"column":5}},"51":{"start":{"line":161,"column":6},"end":{"line":163,"column":8}},"52":{"start":{"line":166,"column":25},"end":{"line":166,"column":26}},"53":{"start":{"line":167,"column":4},"end":{"line":171,"column":5}},"54":{"start":{"line":168,"column":6},"end":{"line":168,"column":44}},"55":{"start":{"line":170,"column":6},"end":{"line":170,"column":77}},"56":{"start":{"line":173,"column":4},"end":{"line":178,"column":6}},"57":{"start":{"line":182,"column":13},"end":{"line":202,"column":2}},"58":{"start":{"line":184,"column":17},"end":{"line":184,"column":51}},"59":{"start":{"line":186,"column":21},"end":{"line":186,"column":62}},"60":{"start":{"line":187,"column":4},"end":{"line":189,"column":5}},"61":{"start":{"line":188,"column":6},"end":{"line":188,"column":72}},"62":{"start":{"line":191,"column":48},"end":{"line":191,"column":59}},"63":{"start":{"line":192,"column":4},"end":{"line":194,"column":5}},"64":{"start":{"line":193,"column":6},"end":{"line":193,"column":54}},"65":{"start":{"line":196,"column":19},"end":{"line":196,"column":50}},"66":{"start":{"line":198,"column":4},"end":{"line":200,"column":6}}},"fnMap":{"0":{"name":"(anonymous_0)","decl":{"start":{"line":37,"column":2},"end":{"line":37,"column":7}},"loc":{"start":{"line":37,"column":44},"end":{"line":43,"column":3}}},"1":{"name":"(anonymous_1)","decl":{"start":{"line":47,"column":2},"end":{"line":47,"column":7}},"loc":{"start":{"line":47,"column":44},"end":{"line":60,"column":3}}},"2":{"name":"(anonymous_2)","decl":{"start":{"line":64,"column":2},"end":{"line":64,"column":7}},"loc":{"start":{"line":64,"column":44},"end":{"line":77,"column":3}}},"3":{"name":"(anonymous_3)","decl":{"start":{"line":81,"column":2},"end":{"line":81,"column":7}},"loc":{"start":{"line":81,"column":44},"end":{"line":91,"column":3}}},"4":{"name":"(anonymous_4)","decl":{"start":{"line":95,"column":2},"end":{"line":95,"column":7}},"loc":{"start":{"line":95,"column":44},"end":{"line":116,"column":3}}},"5":{"name":"(anonymous_5)","decl":{"start":{"line":122,"column":2},"end":{"line":122,"column":7}},"loc":{"start":{"line":122,"column":44},"end":{"line":133,"column":3}}},"6":{"name":"(anonymous_6)","decl":{"start":{"line":137,"column":2},"end":{"line":137,"column":7}},"loc":{"start":{"line":137,"column":44},"end":{"line":179,"column":3}}},"7":{"name":"(anonymous_7)","decl":{"start":{"line":183,"column":2},"end":{"line":183,"column":7}},"loc":{"start":{"line":183,"column":44},"end":{"line":201,"column":3}}}},"branchMap":{"0":{"loc":{"start":{"line":51,"column":4},"end":{"line":53,"column":5}},"type":"if","locations":[{"start":{"line":51,"column":4},"end":{"line":53,"column":5}},{"start":{},"end":{}}]},"1":{"loc":{"start":{"line":72,"column":4},"end":{"line":74,"column":5}},"type":"if","locations":[{"start":{"line":72,"column":4},"end":{"line":74,"column":5}},{"start":{},"end":{}}]},"2":{"loc":{"start":{"line":86,"column":4},"end":{"line":88,"column":5}},"type":"if","locations":[{"start":{"line":86,"column":4},"end":{"line":88,"column":5}},{"start":{},"end":{}}]},"3":{"loc":{"start":{"line":99,"column":4},"end":{"line":101,"column":5}},"type":"if","locations":[{"start":{"line":99,"column":4},"end":{"line":101,"column":5}},{"start":{},"end":{}}]},"4":{"loc":{"start":{"line":103,"column":4},"end":{"line":105,"column":5}},"type":"if","locations":[{"start":{"line":103,"column":4},"end":{"line":105,"column":5}},{"start":{},"end":{}}]},"5":{"loc":{"start":{"line":103,"column":8},"end":{"line":103,"column":59}},"type":"binary-expr","locations":[{"start":{"line":103,"column":8},"end":{"line":103,"column":23}},{"start":{"line":103,"column":27},"end":{"line":103,"column":59}}]},"6":{"loc":{"start":{"line":151,"column":4},"end":{"line":153,"column":5}},"type":"if","locations":[{"start":{"line":151,"column":4},"end":{"line":153,"column":5}},{"start":{},"end":{}}]},"7":{"loc":{"start":{"line":155,"column":4},"end":{"line":157,"column":5}},"type":"if","locations":[{"start":{"line":155,"column":4},"end":{"line":157,"column":5}},{"start":{},"end":{}}]},"8":{"loc":{"start":{"line":159,"column":23},"end":{"line":159,"column":58}},"type":"binary-expr","locations":[{"start":{"line":159,"column":23},"end":{"line":159,"column":53}},{"start":{"line":159,"column":57},"end":{"line":159,"column":58}}]},"9":{"loc":{"start":{"line":160,"column":4},"end":{"line":164,"column":5}},"type":"if","locations":[{"start":{"line":160,"column":4},"end":{"line":164,"column":5}},{"start":{},"end":{}}]},"10":{"loc":{"start":{"line":167,"column":4},"end":{"line":171,"column":5}},"type":"if","locations":[{"start":{"line":167,"column":4},"end":{"line":171,"column":5}},{"start":{"line":169,"column":11},"end":{"line":171,"column":5}}]},"11":{"loc":{"start":{"line":187,"column":4},"end":{"line":189,"column":5}},"type":"if","locations":[{"start":{"line":187,"column":4},"end":{"line":189,"column":5}},{"start":{},"end":{}}]},"12":{"loc":{"start":{"line":192,"column":4},"end":{"line":194,"column":5}},"type":"if","locations":[{"start":{"line":192,"column":4},"end":{"line":194,"column":5}},{"start":{},"end":{}}]}},"s":{"0":1,"1":1,"2":1,"3":1,"4":1,"5":1,"6":1,"7":1,"8":2,"9":2,"10":1,"11":2,"12":2,"13":2,"14":1,"15":1,"16":1,"17":1,"18":2,"19":2,"20":2,"21":1,"22":1,"23":1,"24":2,"25":2,"26":1,"27":1,"28":1,"29":3,"30":3,"31":3,"32":1,"33":2,"34":1,"35":1,"36":1,"37":1,"38":1,"39":1,"40":1,"41":1,"42":5,"43":5,"44":5,"45":5,"46":1,"47":4,"48":1,"49":3,"50":3,"51":1,"52":2,"53":2,"54":1,"55":1,"56":2,"57":1,"58":3,"59":3,"60":3,"61":1,"62":2,"63":2,"64":1,"65":2,"66":2},"f":{"0":2,"1":2,"2":2,"3":2,"4":3,"5":1,"6":5,"7":3},"b":{"0":[1,1],"1":[1,1],"2":[1,1],"3":[1,2],"4":[1,1],"5":[2,2],"6":[1,4],"7":[1,3],"8":[3,0],"9":[1,2],"10":[1,1],"11":[1,2],"12":[1,1]}}
,"C:\\Users\\altam\\Downloads\\FastFeast\\backend\\src\\controllers\\order.controller.ts": {"path":"C:\\Users\\altam\\Downloads\\FastFeast\\backend\\src\\controllers\\order.controller.ts","statementMap":{"0":{"start":{"line":2,"column":0},"end":{"line":2,"column":24}},"1":{"start":{"line":3,"column":0},"end":{"line":3,"column":59}},"2":{"start":{"line":4,"column":0},"end":{"line":4,"column":51}},"3":{"start":{"line":5,"column":0},"end":{"line":5,"column":45}},"4":{"start":{"line":6,"column":0},"end":{"line":6,"column":53}},"5":{"start":{"line":8,"column":0},"end":{"line":8,"column":null}},"6":{"start":{"line":21,"column":29},"end":{"line":27,"column":2}},"7":{"start":{"line":29,"column":25},"end":{"line":38,"column":2}},"8":{"start":{"line":40,"column":27},"end":{"line":48,"column":2}},"9":{"start":{"line":52,"column":13},"end":{"line":134,"column":2}},"10":{"start":{"line":54,"column":17},"end":{"line":54,"column":49}},"11":{"start":{"line":57,"column":20},"end":{"line":57,"column":58}},"12":{"start":{"line":58,"column":4},"end":{"line":60,"column":5}},"13":{"start":{"line":59,"column":6},"end":{"line":59,"column":51}},"14":{"start":{"line":63,"column":24},"end":{"line":63,"column":59}},"15":{"start":{"line":63,"column":46},"end":{"line":63,"column":58}},"16":{"start":{"line":64,"column":22},"end":{"line":67,"column":6}},"17":{"start":{"line":69,"column":4},"end":{"line":71,"column":5}},"18":{"start":{"line":70,"column":6},"end":{"line":70,"column":77}},"19":{"start":{"line":73,"column":24},"end":{"line":74,"column":null}},"20":{"start":{"line":74,"column":27},"end":{"line":74,"column":48}},"21":{"start":{"line":77,"column":19},"end":{"line":77,"column":20}},"22":{"start":{"line":78,"column":23},"end":{"line":93,"column":6}},"23":{"start":{"line":79,"column":23},"end":{"line":79,"column":56}},"24":{"start":{"line":80,"column":24},"end":{"line":80,"column":54}},"25":{"start":{"line":81,"column":6},"end":{"line":81,"column":28}},"26":{"start":{"line":83,"column":6},"end":{"line":92,"column":8}},"27":{"start":{"line":96,"column":16},"end":{"line":96,"column":47}},"28":{"start":{"line":97,"column":21},"end":{"line":97,"column":72}},"29":{"start":{"line":98,"column":23},"end":{"line":98,"column":63}},"30":{"start":{"line":101,"column":23},"end":{"line":104,"column":6}},"31":{"start":{"line":107,"column":18},"end":{"line":123,"column":6}},"32":{"start":{"line":126,"column":4},"end":{"line":128,"column":7}},"33":{"start":{"line":130,"column":4},"end":{"line":132,"column":6}},"34":{"start":{"line":136,"column":13},"end":{"line":163,"column":2}},"35":{"start":{"line":138,"column":17},"end":{"line":138,"column":80}},"36":{"start":{"line":139,"column":18},"end":{"line":141,"column":null}},"37":{"start":{"line":143,"column":17},"end":{"line":143,"column":35}},"38":{"start":{"line":145,"column":44},"end":{"line":147,"column":6}},"39":{"start":{"line":149,"column":4},"end":{"line":151,"column":5}},"40":{"start":{"line":150,"column":6},"end":{"line":150,"column":39}},"41":{"start":{"line":153,"column":28},"end":{"line":159,"column":6}},"42":{"start":{"line":161,"column":4},"end":{"line":161,"column":64}},"43":{"start":{"line":165,"column":13},"end":{"line":183,"column":2}},"44":{"start":{"line":167,"column":18},"end":{"line":167,"column":53}},"45":{"start":{"line":168,"column":4},"end":{"line":170,"column":5}},"46":{"start":{"line":169,"column":6},"end":{"line":169,"column":49}},"47":{"start":{"line":173,"column":4},"end":{"line":179,"column":5}},"48":{"start":{"line":178,"column":6},"end":{"line":178,"column":68}},"49":{"start":{"line":181,"column":4},"end":{"line":181,"column":41}},"50":{"start":{"line":185,"column":13},"end":{"line":213,"column":2}},"51":{"start":{"line":187,"column":26},"end":{"line":187,"column":36}},"52":{"start":{"line":189,"column":17},"end":{"line":189,"column":80}},"53":{"start":{"line":190,"column":18},"end":{"line":192,"column":null}},"54":{"start":{"line":194,"column":17},"end":{"line":194,"column":35}},"55":{"start":{"line":196,"column":44},"end":{"line":196,"column":57}},"56":{"start":{"line":198,"column":4},"end":{"line":200,"column":5}},"57":{"start":{"line":199,"column":6},"end":{"line":199,"column":39}},"58":{"start":{"line":202,"column":28},"end":{"line":209,"column":6}},"59":{"start":{"line":211,"column":4},"end":{"line":211,"column":64}},"60":{"start":{"line":215,"column":13},"end":{"line":245,"column":2}},"61":{"start":{"line":217,"column":19},"end":{"line":217,"column":29}},"62":{"start":{"line":218,"column":23},"end":{"line":218,"column":57}},"63":{"start":{"line":220,"column":18},"end":{"line":220,"column":42}},"64":{"start":{"line":221,"column":4},"end":{"line":223,"column":5}},"65":{"start":{"line":222,"column":6},"end":{"line":222,"column":49}},"66":{"start":{"line":226,"column":55},"end":{"line":232,"column":6}},"67":{"start":{"line":234,"column":4},"end":{"line":238,"column":5}},"68":{"start":{"line":235,"column":6},"end":{"line":237,"column":8}},"69":{"start":{"line":240,"column":4},"end":{"line":240,"column":49}},"70":{"start":{"line":241,"column":4},"end":{"line":241,"column":23}},"71":{"start":{"line":243,"column":4},"end":{"line":243,"column":60}},"72":{"start":{"line":247,"column":13},"end":{"line":260,"column":2}},"73":{"start":{"line":249,"column":44},"end":{"line":252,"column":6}},"74":{"start":{"line":254,"column":19},"end":{"line":256,"column":16}},"75":{"start":{"line":258,"column":4},"end":{"line":258,"column":42}},"76":{"start":{"line":262,"column":13},"end":{"line":286,"column":2}},"77":{"start":{"line":264,"column":19},"end":{"line":264,"column":29}},"78":{"start":{"line":266,"column":18},"end":{"line":266,"column":42}},"79":{"start":{"line":267,"column":4},"end":{"line":269,"column":5}},"80":{"start":{"line":268,"column":6},"end":{"line":268,"column":49}},"81":{"start":{"line":271,"column":4},"end":{"line":273,"column":5}},"82":{"start":{"line":272,"column":6},"end":{"line":272,"column":70}},"83":{"start":{"line":275,"column":4},"end":{"line":279,"column":5}},"84":{"start":{"line":276,"column":6},"end":{"line":278,"column":8}},"85":{"start":{"line":281,"column":4},"end":{"line":281,"column":31}},"86":{"start":{"line":282,"column":4},"end":{"line":282,"column":23}},"87":{"start":{"line":284,"column":4},"end":{"line":284,"column":73}}},"fnMap":{"0":{"name":"(anonymous_0)","decl":{"start":{"line":53,"column":2},"end":{"line":53,"column":7}},"loc":{"start":{"line":53,"column":44},"end":{"line":133,"column":3}}},"1":{"name":"(anonymous_1)","decl":{"start":{"line":63,"column":39},"end":{"line":63,"column":40}},"loc":{"start":{"line":63,"column":46},"end":{"line":63,"column":58}}},"2":{"name":"(anonymous_2)","decl":{"start":{"line":74,"column":20},"end":{"line":74,"column":21}},"loc":{"start":{"line":74,"column":27},"end":{"line":74,"column":48}}},"3":{"name":"(anonymous_3)","decl":{"start":{"line":78,"column":38},"end":{"line":78,"column":39}},"loc":{"start":{"line":78,"column":47},"end":{"line":93,"column":5}}},"4":{"name":"(anonymous_4)","decl":{"start":{"line":137,"column":2},"end":{"line":137,"column":7}},"loc":{"start":{"line":137,"column":44},"end":{"line":162,"column":3}}},"5":{"name":"(anonymous_5)","decl":{"start":{"line":166,"column":2},"end":{"line":166,"column":7}},"loc":{"start":{"line":166,"column":44},"end":{"line":182,"column":3}}},"6":{"name":"(anonymous_6)","decl":{"start":{"line":186,"column":2},"end":{"line":186,"column":7}},"loc":{"start":{"line":186,"column":44},"end":{"line":212,"column":3}}},"7":{"name":"(anonymous_7)","decl":{"start":{"line":216,"column":2},"end":{"line":216,"column":7}},"loc":{"start":{"line":216,"column":44},"end":{"line":244,"column":3}}},"8":{"name":"(anonymous_8)","decl":{"start":{"line":248,"column":2},"end":{"line":248,"column":7}},"loc":{"start":{"line":248,"column":44},"end":{"line":259,"column":3}}},"9":{"name":"(anonymous_9)","decl":{"start":{"line":263,"column":2},"end":{"line":263,"column":7}},"loc":{"start":{"line":263,"column":44},"end":{"line":285,"column":3}}}},"branchMap":{"0":{"loc":{"start":{"line":58,"column":4},"end":{"line":60,"column":5}},"type":"if","locations":[{"start":{"line":58,"column":4},"end":{"line":60,"column":5}},{"start":{},"end":{}}]},"1":{"loc":{"start":{"line":69,"column":4},"end":{"line":71,"column":5}},"type":"if","locations":[{"start":{"line":69,"column":4},"end":{"line":71,"column":5}},{"start":{},"end":{}}]},"2":{"loc":{"start":{"line":97,"column":21},"end":{"line":97,"column":72}},"type":"cond-expr","locations":[{"start":{"line":97,"column":53},"end":{"line":97,"column":68}},{"start":{"line":97,"column":71},"end":{"line":97,"column":72}}]},"3":{"loc":{"start":{"line":119,"column":20},"end":{"line":119,"column":46}},"type":"binary-expr","locations":[{"start":{"line":119,"column":20},"end":{"line":119,"column":37}},{"start":{"line":119,"column":41},"end":{"line":119,"column":46}}]},"4":{"loc":{"start":{"line":122,"column":21},"end":{"line":122,"column":55}},"type":"binary-expr","locations":[{"start":{"line":122,"column":21},"end":{"line":122,"column":40}},{"start":{"line":122,"column":44},"end":{"line":122,"column":55}}]},"5":{"loc":{"start":{"line":138,"column":29},"end":{"line":138,"column":79}},"type":"binary-expr","locations":[{"start":{"line":138,"column":29},"end":{"line":138,"column":63}},{"start":{"line":138,"column":67},"end":{"line":138,"column":79}}]},"6":{"loc":{"start":{"line":141,"column":18},"end":{"line":141,"column":70}},"type":"binary-expr","locations":[{"start":{"line":141,"column":18},"end":{"line":141,"column":53}},{"start":{"line":141,"column":57},"end":{"line":141,"column":70}}]},"7":{"loc":{"start":{"line":149,"column":4},"end":{"line":151,"column":5}},"type":"if","locations":[{"start":{"line":149,"column":4},"end":{"line":151,"column":5}},{"start":{},"end":{}}]},"8":{"loc":{"start":{"line":168,"column":4},"end":{"line":170,"column":5}},"type":"if","locations":[{"start":{"line":168,"column":4},"end":{"line":170,"column":5}},{"start":{},"end":{}}]},"9":{"loc":{"start":{"line":173,"column":4},"end":{"line":179,"column":5}},"type":"if","locations":[{"start":{"line":173,"column":4},"end":{"line":179,"column":5}},{"start":{},"end":{}}]},"10":{"loc":{"start":{"line":174,"column":6},"end":{"line":176,"column":31}},"type":"binary-expr","locations":[{"start":{"line":174,"column":6},"end":{"line":174,"column":58}},{"start":{"line":175,"column":6},"end":{"line":175,"column":24}},{"start":{"line":176,"column":6},"end":{"line":176,"column":31}}]},"11":{"loc":{"start":{"line":189,"column":29},"end":{"line":189,"column":79}},"type":"binary-expr","locations":[{"start":{"line":189,"column":29},"end":{"line":189,"column":63}},{"start":{"line":189,"column":67},"end":{"line":189,"column":79}}]},"12":{"loc":{"start":{"line":192,"column":18},"end":{"line":192,"column":70}},"type":"binary-expr","locations":[{"start":{"line":192,"column":18},"end":{"line":192,"column":53}},{"start":{"line":192,"column":57},"end":{"line":192,"column":70}}]},"13":{"loc":{"start":{"line":198,"column":4},"end":{"line":200,"column":5}},"type":"if","locations":[{"start":{"line":198,"column":4},"end":{"line":200,"column":5}},{"start":{},"end":{}}]},"14":{"loc":{"start":{"line":221,"column":4},"end":{"line":223,"column":5}},"type":"if","locations":[{"start":{"line":221,"column":4},"end":{"line":223,"column":5}},{"start":{},"end":{}}]},"15":{"loc":{"start":{"line":234,"column":4},"end":{"line":238,"column":5}},"type":"if","locations":[{"start":{"line":234,"column":4},"end":{"line":238,"column":5}},{"start":{},"end":{}}]},"16":{"loc":{"start":{"line":267,"column":4},"end":{"line":269,"column":5}},"type":"if","locations":[{"start":{"line":267,"column":4},"end":{"line":269,"column":5}},{"start":{},"end":{}}]},"17":{"loc":{"start":{"line":271,"column":4},"end":{"line":273,"column":5}},"type":"if","locations":[{"start":{"line":271,"column":4},"end":{"line":273,"column":5}},{"start":{},"end":{}}]},"18":{"loc":{"start":{"line":275,"column":4},"end":{"line":279,"column":5}},"type":"if","locations":[{"start":{"line":275,"column":4},"end":{"line":279,"column":5}},{"start":{},"end":{}}]}},"s":{"0":1,"1":1,"2":1,"3":1,"4":1,"5":1,"6":1,"7":1,"8":1,"9":1,"10":4,"11":4,"12":4,"13":1,"14":3,"15":3,"16":3,"17":3,"18":1,"19":2,"20":2,"21":2,"22":2,"23":2,"24":2,"25":2,"26":2,"27":2,"28":2,"29":2,"30":2,"31":2,"32":2,"33":2,"34":1,"35":1,"36":1,"37":1,"38":1,"39":1,"40":0,"41":1,"42":1,"43":1,"44":4,"45":4,"46":1,"47":3,"48":1,"49":2,"50":1,"51":1,"52":1,"53":1,"54":1,"55":1,"56":1,"57":0,"58":1,"59":1,"60":1,"61":3,"62":3,"63":3,"64":3,"65":1,"66":2,"67":2,"68":1,"69":1,"70":1,"71":1,"72":1,"73":1,"74":1,"75":1,"76":1,"77":4,"78":4,"79":4,"80":1,"81":3,"82":1,"83":2,"84":1,"85":1,"86":1,"87":1},"f":{"0":4,"1":3,"2":2,"3":2,"4":1,"5":4,"6":1,"7":3,"8":1,"9":4},"b":{"0":[1,3],"1":[1,2],"2":[1,1],"3":[2,2],"4":[2,0],"5":[1,1],"6":[1,1],"7":[0,1],"8":[1,3],"9":[1,2],"10":[3,2,1],"11":[1,1],"12":[1,1],"13":[0,1],"14":[1,2],"15":[1,1],"16":[1,3],"17":[1,2],"18":[1,1]}}
,"C:\\Users\\altam\\Downloads\\FastFeast\\backend\\src\\controllers\\user.controller.ts": {"path":"C:\\Users\\altam\\Downloads\\FastFeast\\backend\\src\\controllers\\user.controller.ts","statementMap":{"0":{"start":{"line":2,"column":0},"end":{"line":2,"column":24}},"1":{"start":{"line":3,"column":0},"end":{"line":3,"column":40}},"2":{"start":{"line":4,"column":0},"end":{"line":4,"column":51}},"3":{"start":{"line":5,"column":0},"end":{"line":5,"column":45}},"4":{"start":{"line":6,"column":0},"end":{"line":6,"column":53}},"5":{"start":{"line":11,"column":25},"end":{"line":18,"column":2}},"6":{"start":{"line":20,"column":24},"end":{"line":22,"column":2}},"7":{"start":{"line":26,"column":13},"end":{"line":58,"column":2}},"8":{"start":{"line":28,"column":17},"end":{"line":28,"column":51}},"9":{"start":{"line":29,"column":4},"end":{"line":31,"column":5}},"10":{"start":{"line":30,"column":6},"end":{"line":30,"column":48}},"11":{"start":{"line":33,"column":23},"end":{"line":43,"column":6}},"12":{"start":{"line":45,"column":18},"end":{"line":49,"column":6}},"13":{"start":{"line":51,"column":4},"end":{"line":56,"column":6}},"14":{"start":{"line":60,"column":13},"end":{"line":95,"column":2}},"15":{"start":{"line":62,"column":17},"end":{"line":62,"column":49}},"16":{"start":{"line":64,"column":4},"end":{"line":72,"column":5}},"17":{"start":{"line":65,"column":23},"end":{"line":68,"column":8}},"18":{"start":{"line":69,"column":6},"end":{"line":71,"column":7}},"19":{"start":{"line":70,"column":8},"end":{"line":70,"column":59}},"20":{"start":{"line":74,"column":4},"end":{"line":82,"column":5}},"21":{"start":{"line":75,"column":23},"end":{"line":78,"column":8}},"22":{"start":{"line":79,"column":6},"end":{"line":81,"column":7}},"23":{"start":{"line":80,"column":8},"end":{"line":80,"column":66}},"24":{"start":{"line":84,"column":17},"end":{"line":87,"column":6}},"25":{"start":{"line":89,"column":4},"end":{"line":91,"column":5}},"26":{"start":{"line":90,"column":6},"end":{"line":90,"column":48}},"27":{"start":{"line":93,"column":4},"end":{"line":93,"column":72}},"28":{"start":{"line":97,"column":13},"end":{"line":118,"column":2}},"29":{"start":{"line":99,"column":23},"end":{"line":99,"column":54}},"30":{"start":{"line":101,"column":17},"end":{"line":104,"column":null}},"31":{"start":{"line":107,"column":4},"end":{"line":109,"column":5}},"32":{"start":{"line":108,"column":6},"end":{"line":108,"column":48}},"33":{"start":{"line":111,"column":4},"end":{"line":116,"column":6}},"34":{"start":{"line":120,"column":13},"end":{"line":147,"column":2}},"35":{"start":{"line":122,"column":17},"end":{"line":122,"column":69}},"36":{"start":{"line":123,"column":18},"end":{"line":125,"column":null}},"37":{"start":{"line":127,"column":17},"end":{"line":127,"column":35}},"38":{"start":{"line":129,"column":44},"end":{"line":131,"column":6}},"39":{"start":{"line":133,"column":4},"end":{"line":135,"column":5}},"40":{"start":{"line":134,"column":6},"end":{"line":134,"column":39}},"41":{"start":{"line":137,"column":28},"end":{"line":143,"column":6}},"42":{"start":{"line":145,"column":4},"end":{"line":145,"column":64}},"43":{"start":{"line":151,"column":13},"end":{"line":183,"column":2}},"44":{"start":{"line":153,"column":4},"end":{"line":155,"column":5}},"45":{"start":{"line":154,"column":6},"end":{"line":154,"column":56}},"46":{"start":{"line":157,"column":17},"end":{"line":157,"column":69}},"47":{"start":{"line":158,"column":18},"end":{"line":160,"column":null}},"48":{"start":{"line":162,"column":17},"end":{"line":162,"column":35}},"49":{"start":{"line":164,"column":44},"end":{"line":164,"column":46}},"50":{"start":{"line":165,"column":4},"end":{"line":171,"column":5}},"51":{"start":{"line":166,"column":6},"end":{"line":170,"column":8}},"52":{"start":{"line":173,"column":27},"end":{"line":179,"column":6}},"53":{"start":{"line":181,"column":4},"end":{"line":181,"column":63}},"54":{"start":{"line":185,"column":13},"end":{"line":229,"column":2}},"55":{"start":{"line":187,"column":4},"end":{"line":189,"column":5}},"56":{"start":{"line":188,"column":6},"end":{"line":188,"column":56}},"57":{"start":{"line":192,"column":6},"end":{"line":206,"column":8}},"58":{"start":{"line":195,"column":9},"end":{"line":195,"column":42}},"59":{"start":{"line":208,"column":25},"end":{"line":208,"column":47}},"60":{"start":{"line":211,"column":25},"end":{"line":215,"column":36}},"61":{"start":{"line":217,"column":4},"end":{"line":227,"column":6}}},"fnMap":{"0":{"name":"(anonymous_9)","decl":{"start":{"line":27,"column":2},"end":{"line":27,"column":7}},"loc":{"start":{"line":27,"column":44},"end":{"line":57,"column":3}}},"1":{"name":"(anonymous_10)","decl":{"start":{"line":61,"column":2},"end":{"line":61,"column":7}},"loc":{"start":{"line":61,"column":44},"end":{"line":94,"column":3}}},"2":{"name":"(anonymous_11)","decl":{"start":{"line":98,"column":2},"end":{"line":98,"column":7}},"loc":{"start":{"line":98,"column":44},"end":{"line":117,"column":3}}},"3":{"name":"(anonymous_12)","decl":{"start":{"line":121,"column":2},"end":{"line":121,"column":7}},"loc":{"start":{"line":121,"column":44},"end":{"line":146,"column":3}}},"4":{"name":"(anonymous_13)","decl":{"start":{"line":152,"column":2},"end":{"line":152,"column":7}},"loc":{"start":{"line":152,"column":44},"end":{"line":182,"column":3}}},"5":{"name":"(anonymous_14)","decl":{"start":{"line":186,"column":2},"end":{"line":186,"column":7}},"loc":{"start":{"line":186,"column":44},"end":{"line":228,"column":3}}},"6":{"name":"(anonymous_15)","decl":{"start":{"line":195,"column":9},"end":{"line":195,"column":22}},"loc":{"start":{"line":195,"column":9},"end":{"line":195,"column":42}}}},"branchMap":{"0":{"loc":{"start":{"line":29,"column":4},"end":{"line":31,"column":5}},"type":"if","locations":[{"start":{"line":29,"column":4},"end":{"line":31,"column":5}},{"start":{},"end":{}}]},"1":{"loc":{"start":{"line":45,"column":18},"end":{"line":49,"column":6}},"type":"binary-expr","locations":[{"start":{"line":45,"column":18},"end":{"line":45,"column":31}},{"start":{"line":45,"column":35},"end":{"line":49,"column":6}}]},"2":{"loc":{"start":{"line":64,"column":4},"end":{"line":72,"column":5}},"type":"if","locations":[{"start":{"line":64,"column":4},"end":{"line":72,"column":5}},{"start":{},"end":{}}]},"3":{"loc":{"start":{"line":69,"column":6},"end":{"line":71,"column":7}},"type":"if","locations":[{"start":{"line":69,"column":6},"end":{"line":71,"column":7}},{"start":{},"end":{}}]},"4":{"loc":{"start":{"line":74,"column":4},"end":{"line":82,"column":5}},"type":"if","locations":[{"start":{"line":74,"column":4},"end":{"line":82,"column":5}},{"start":{},"end":{}}]},"5":{"loc":{"start":{"line":79,"column":6},"end":{"line":81,"column":7}},"type":"if","locations":[{"start":{"line":79,"column":6},"end":{"line":81,"column":7}},{"start":{},"end":{}}]},"6":{"loc":{"start":{"line":89,"column":4},"end":{"line":91,"column":5}},"type":"if","locations":[{"start":{"line":89,"column":4},"end":{"line":91,"column":5}},{"start":{},"end":{}}]},"7":{"loc":{"start":{"line":107,"column":4},"end":{"line":109,"column":5}},"type":"if","locations":[{"start":{"line":107,"column":4},"end":{"line":109,"column":5}},{"start":{},"end":{}}]},"8":{"loc":{"start":{"line":122,"column":29},"end":{"line":122,"column":68}},"type":"binary-expr","locations":[{"start":{"line":122,"column":29},"end":{"line":122,"column":63}},{"start":{"line":122,"column":67},"end":{"line":122,"column":68}}]},"9":{"loc":{"start":{"line":125,"column":18},"end":{"line":125,"column":59}},"type":"binary-expr","locations":[{"start":{"line":125,"column":18},"end":{"line":125,"column":53}},{"start":{"line":125,"column":57},"end":{"line":125,"column":59}}]},"10":{"loc":{"start":{"line":133,"column":4},"end":{"line":135,"column":5}},"type":"if","locations":[{"start":{"line":133,"column":4},"end":{"line":135,"column":5}},{"start":{},"end":{}}]},"11":{"loc":{"start":{"line":153,"column":4},"end":{"line":155,"column":5}},"type":"if","locations":[{"start":{"line":153,"column":4},"end":{"line":155,"column":5}},{"start":{},"end":{}}]},"12":{"loc":{"start":{"line":157,"column":29},"end":{"line":157,"column":68}},"type":"binary-expr","locations":[{"start":{"line":157,"column":29},"end":{"line":157,"column":63}},{"start":{"line":157,"column":67},"end":{"line":157,"column":68}}]},"13":{"loc":{"start":{"line":160,"column":18},"end":{"line":160,"column":59}},"type":"binary-expr","locations":[{"start":{"line":160,"column":18},"end":{"line":160,"column":53}},{"start":{"line":160,"column":57},"end":{"line":160,"column":59}}]},"14":{"loc":{"start":{"line":165,"column":4},"end":{"line":171,"column":5}},"type":"if","locations":[{"start":{"line":165,"column":4},"end":{"line":171,"column":5}},{"start":{},"end":{}}]},"15":{"loc":{"start":{"line":187,"column":4},"end":{"line":189,"column":5}},"type":"if","locations":[{"start":{"line":187,"column":4},"end":{"line":189,"column":5}},{"start":{},"end":{}}]},"16":{"loc":{"start":{"line":208,"column":25},"end":{"line":208,"column":47}},"type":"binary-expr","locations":[{"start":{"line":208,"column":25},"end":{"line":208,"column":42}},{"start":{"line":208,"column":46},"end":{"line":208,"column":47}}]}},"s":{"0":1,"1":1,"2":1,"3":1,"4":1,"5":1,"6":1,"7":1,"8":3,"9":3,"10":1,"11":2,"12":2,"13":2,"14":1,"15":4,"16":4,"17":1,"18":1,"19":1,"20":3,"21":1,"22":1,"23":1,"24":2,"25":2,"26":1,"27":1,"28":1,"29":3,"30":2,"31":2,"32":1,"33":1,"34":1,"35":3,"36":3,"37":3,"38":3,"39":3,"40":1,"41":3,"42":3,"43":1,"44":3,"45":1,"46":2,"47":2,"48":2,"49":2,"50":2,"51":1,"52":2,"53":2,"54":1,"55":3,"56":1,"57":2,"58":2,"59":2,"60":2,"61":2},"f":{"0":3,"1":4,"2":3,"3":3,"4":3,"5":3,"6":2},"b":{"0":[1,2],"1":[2,1],"2":[1,3],"3":[1,0],"4":[1,2],"5":[1,0],"6":[1,1],"7":[1,1],"8":[3,3],"9":[3,3],"10":[1,2],"11":[1,2],"12":[2,2],"13":[2,2],"14":[1,1],"15":[1,2],"16":[2,1]}}
,"C:\\Users\\altam\\Downloads\\FastFeast\\backend\\src\\middleware\\auth.middleware.ts": {"path":"C:\\Users\\altam\\Downloads\\FastFeast\\backend\\src\\middleware\\auth.middleware.ts","statementMap":{"0":{"start":{"line":2,"column":0},"end":{"line":2,"column":31}},"1":{"start":{"line":3,"column":0},"end":{"line":3,"column":33}},"2":{"start":{"line":4,"column":0},"end":{"line":4,"column":45}},"3":{"start":{"line":5,"column":0},"end":{"line":5,"column":36}},"4":{"start":{"line":6,"column":0},"end":{"line":6,"column":53}},"5":{"start":{"line":17,"column":13},"end":{"line":45,"column":2}},"6":{"start":{"line":21,"column":23},"end":{"line":21,"column":48}},"7":{"start":{"line":22,"column":4},"end":{"line":24,"column":5}},"8":{"start":{"line":23,"column":6},"end":{"line":23,"column":39}},"9":{"start":{"line":26,"column":4},"end":{"line":28,"column":5}},"10":{"start":{"line":27,"column":6},"end":{"line":27,"column":71}},"11":{"start":{"line":30,"column":4},"end":{"line":43,"column":5}},"12":{"start":{"line":31,"column":22},"end":{"line":31,"column":68}},"13":{"start":{"line":32,"column":19},"end":{"line":32,"column":54}},"14":{"start":{"line":34,"column":6},"end":{"line":36,"column":7}},"15":{"start":{"line":35,"column":8},"end":{"line":35,"column":77}},"16":{"start":{"line":38,"column":6},"end":{"line":38,"column":22}},"17":{"start":{"line":39,"column":6},"end":{"line":39,"column":13}},"18":{"start":{"line":41,"column":6},"end":{"line":41,"column":49}},"19":{"start":{"line":41,"column":37},"end":{"line":41,"column":49}},"20":{"start":{"line":42,"column":6},"end":{"line":42,"column":63}},"21":{"start":{"line":47,"column":13},"end":{"line":70,"column":2}},"22":{"start":{"line":51,"column":23},"end":{"line":51,"column":48}},"23":{"start":{"line":52,"column":4},"end":{"line":54,"column":5}},"24":{"start":{"line":53,"column":6},"end":{"line":53,"column":39}},"25":{"start":{"line":56,"column":4},"end":{"line":66,"column":5}},"26":{"start":{"line":57,"column":6},"end":{"line":65,"column":7}},"27":{"start":{"line":58,"column":24},"end":{"line":58,"column":70}},"28":{"start":{"line":59,"column":21},"end":{"line":59,"column":56}},"29":{"start":{"line":60,"column":8},"end":{"line":62,"column":9}},"30":{"start":{"line":61,"column":10},"end":{"line":61,"column":26}},"31":{"start":{"line":68,"column":4},"end":{"line":68,"column":11}},"32":{"start":{"line":72,"column":28},"end":{"line":86,"column":1}},"33":{"start":{"line":77,"column":2},"end":{"line":85,"column":3}},"34":{"start":{"line":78,"column":4},"end":{"line":81,"column":5}},"35":{"start":{"line":79,"column":6},"end":{"line":79,"column":57}},"36":{"start":{"line":80,"column":6},"end":{"line":80,"column":13}},"37":{"start":{"line":82,"column":4},"end":{"line":82,"column":11}},"38":{"start":{"line":84,"column":4},"end":{"line":84,"column":16}},"39":{"start":{"line":72,"column":13},"end":{"line":72,"column":28}},"40":{"start":{"line":88,"column":35},"end":{"line":102,"column":1}},"41":{"start":{"line":93,"column":2},"end":{"line":101,"column":3}},"42":{"start":{"line":94,"column":4},"end":{"line":97,"column":5}},"43":{"start":{"line":95,"column":6},"end":{"line":95,"column":65}},"44":{"start":{"line":96,"column":6},"end":{"line":96,"column":13}},"45":{"start":{"line":98,"column":4},"end":{"line":98,"column":11}},"46":{"start":{"line":100,"column":4},"end":{"line":100,"column":16}},"47":{"start":{"line":88,"column":13},"end":{"line":88,"column":35}}},"fnMap":{"0":{"name":"(anonymous_1)","decl":{"start":{"line":18,"column":2},"end":{"line":18,"column":7}},"loc":{"start":{"line":18,"column":65},"end":{"line":44,"column":3}}},"1":{"name":"(anonymous_2)","decl":{"start":{"line":48,"column":2},"end":{"line":48,"column":7}},"loc":{"start":{"line":48,"column":65},"end":{"line":69,"column":3}}},"2":{"name":"(anonymous_3)","decl":{"start":{"line":72,"column":28},"end":{"line":72,"column":null}},"loc":{"start":{"line":76,"column":10},"end":{"line":86,"column":1}}},"3":{"name":"(anonymous_4)","decl":{"start":{"line":88,"column":35},"end":{"line":88,"column":null}},"loc":{"start":{"line":92,"column":10},"end":{"line":102,"column":1}}}},"branchMap":{"0":{"loc":{"start":{"line":22,"column":4},"end":{"line":24,"column":5}},"type":"if","locations":[{"start":{"line":22,"column":4},"end":{"line":24,"column":5}},{"start":{},"end":{}}]},"1":{"loc":{"start":{"line":26,"column":4},"end":{"line":28,"column":5}},"type":"if","locations":[{"start":{"line":26,"column":4},"end":{"line":28,"column":5}},{"start":{},"end":{}}]},"2":{"loc":{"start":{"line":34,"column":6},"end":{"line":36,"column":7}},"type":"if","locations":[{"start":{"line":34,"column":6},"end":{"line":36,"column":7}},{"start":{},"end":{}}]},"3":{"loc":{"start":{"line":41,"column":6},"end":{"line":41,"column":49}},"type":"if","locations":[{"start":{"line":41,"column":6},"end":{"line":41,"column":49}},{"start":{},"end":{}}]},"4":{"loc":{"start":{"line":52,"column":4},"end":{"line":54,"column":5}},"type":"if","locations":[{"start":{"line":52,"column":4},"end":{"line":54,"column":5}},{"start":{},"end":{}}]},"5":{"loc":{"start":{"line":56,"column":4},"end":{"line":66,"column":5}},"type":"if","locations":[{"start":{"line":56,"column":4},"end":{"line":66,"column":5}},{"start":{},"end":{}}]},"6":{"loc":{"start":{"line":60,"column":8},"end":{"line":62,"column":9}},"type":"if","locations":[{"start":{"line":60,"column":8},"end":{"line":62,"column":9}},{"start":{},"end":{}}]},"7":{"loc":{"start":{"line":78,"column":4},"end":{"line":81,"column":5}},"type":"if","locations":[{"start":{"line":78,"column":4},"end":{"line":81,"column":5}},{"start":{},"end":{}}]},"8":{"loc":{"start":{"line":94,"column":4},"end":{"line":97,"column":5}},"type":"if","locations":[{"start":{"line":94,"column":4},"end":{"line":97,"column":5}},{"start":{},"end":{}}]},"9":{"loc":{"start":{"line":94,"column":8},"end":{"line":94,"column":55}},"type":"binary-expr","locations":[{"start":{"line":94,"column":8},"end":{"line":94,"column":33}},{"start":{"line":94,"column":37},"end":{"line":94,"column":55}}]}},"s":{"0":1,"1":1,"2":1,"3":1,"4":1,"5":1,"6":5,"7":5,"8":3,"9":5,"10":2,"11":3,"12":3,"13":2,"14":2,"15":1,"16":1,"17":1,"18":2,"19":1,"20":1,"21":1,"22":3,"23":3,"24":2,"25":3,"26":2,"27":2,"28":1,"29":1,"30":1,"31":3,"32":1,"33":3,"34":3,"35":2,"36":2,"37":1,"38":0,"39":1,"40":1,"41":3,"42":3,"43":1,"44":1,"45":2,"46":0,"47":1},"f":{"0":5,"1":3,"2":3,"3":3},"b":{"0":[3,2],"1":[2,3],"2":[1,1],"3":[1,1],"4":[2,1],"5":[2,1],"6":[1,0],"7":[2,1],"8":[1,2],"9":[3,2]}}
,"C:\\Users\\altam\\Downloads\\FastFeast\\backend\\src\\middleware\\error.middleware.ts": {"path":"C:\\Users\\altam\\Downloads\\FastFeast\\backend\\src\\middleware\\error.middleware.ts","statementMap":{"0":{"start":{"line":6,"column":0},"end":{"line":6,"column":16}},"1":{"start":{"line":2,"column":0},"end":{"line":2,"column":32}},"2":{"start":{"line":3,"column":0},"end":{"line":3,"column":45}},"3":{"start":{"line":4,"column":0},"end":{"line":4,"column":38}},"4":{"start":{"line":12,"column":2},"end":{"line":12,"column":31}},"5":{"start":{"line":14,"column":2},"end":{"line":21,"column":3}},"6":{"start":{"line":15,"column":4},"end":{"line":19,"column":7}},"7":{"start":{"line":20,"column":4},"end":{"line":20,"column":11}},"8":{"start":{"line":23,"column":2},"end":{"line":31,"column":3}},"9":{"start":{"line":24,"column":21},"end":{"line":24,"column":68}},"10":{"start":{"line":24,"column":58},"end":{"line":24,"column":67}},"11":{"start":{"line":25,"column":4},"end":{"line":29,"column":7}},"12":{"start":{"line":30,"column":4},"end":{"line":30,"column":11}},"13":{"start":{"line":33,"column":2},"end":{"line":39,"column":3}},"14":{"start":{"line":34,"column":4},"end":{"line":37,"column":7}},"15":{"start":{"line":38,"column":4},"end":{"line":38,"column":11}},"16":{"start":{"line":41,"column":2},"end":{"line":48,"column":3}},"17":{"start":{"line":42,"column":18},"end":{"line":42,"column":55}},"18":{"start":{"line":43,"column":4},"end":{"line":46,"column":7}},"19":{"start":{"line":47,"column":4},"end":{"line":47,"column":11}},"20":{"start":{"line":50,"column":2},"end":{"line":54,"column":5}}},"fnMap":{"0":{"name":"errorHandler","decl":{"start":{"line":6,"column":16},"end":{"line":6,"column":28}},"loc":{"start":{"line":10,"column":21},"end":{"line":55,"column":1}}},"1":{"name":"(anonymous_2)","decl":{"start":{"line":24,"column":51},"end":{"line":24,"column":52}},"loc":{"start":{"line":24,"column":58},"end":{"line":24,"column":67}}}},"branchMap":{"0":{"loc":{"start":{"line":14,"column":2},"end":{"line":21,"column":3}},"type":"if","locations":[{"start":{"line":14,"column":2},"end":{"line":21,"column":3}},{"start":{},"end":{}}]},"1":{"loc":{"start":{"line":18,"column":10},"end":{"line":18,"column":39}},"type":"binary-expr","locations":[{"start":{"line":18,"column":10},"end":{"line":18,"column":15}},{"start":{"line":18,"column":19},"end":{"line":18,"column":39}}]},"2":{"loc":{"start":{"line":23,"column":2},"end":{"line":31,"column":3}},"type":"if","locations":[{"start":{"line":23,"column":2},"end":{"line":31,"column":3}},{"start":{},"end":{}}]},"3":{"loc":{"start":{"line":33,"column":2},"end":{"line":39,"column":3}},"type":"if","locations":[{"start":{"line":33,"column":2},"end":{"line":39,"column":3}},{"start":{},"end":{}}]},"4":{"loc":{"start":{"line":41,"column":2},"end":{"line":48,"column":3}},"type":"if","locations":[{"start":{"line":41,"column":2},"end":{"line":48,"column":3}},{"start":{},"end":{}}]},"5":{"loc":{"start":{"line":52,"column":13},"end":{"line":52,"column":58}},"type":"cond-expr","locations":[{"start":{"line":52,"column":21},"end":{"line":52,"column":32}},{"start":{"line":52,"column":35},"end":{"line":52,"column":58}}]},"6":{"loc":{"start":{"line":53,"column":8},"end":{"line":53,"column":37}},"type":"binary-expr","locations":[{"start":{"line":53,"column":8},"end":{"line":53,"column":13}},{"start":{"line":53,"column":17},"end":{"line":53,"column":37}}]}},"s":{"0":1,"1":1,"2":1,"3":1,"4":7,"5":7,"6":3,"7":3,"8":4,"9":1,"10":2,"11":1,"12":1,"13":3,"14":1,"15":1,"16":2,"17":1,"18":1,"19":1,"20":1},"f":{"0":7,"1":2},"b":{"0":[3,4],"1":[3,0],"2":[1,3],"3":[1,2],"4":[1,1],"5":[0,1],"6":[1,0]}}
,"C:\\Users\\altam\\Downloads\\FastFeast\\backend\\src\\middleware\\validate.middleware.ts": {"path":"C:\\Users\\altam\\Downloads\\FastFeast\\backend\\src\\middleware\\validate.middleware.ts","statementMap":{"0":{"start":{"line":11,"column":0},"end":{"line":11,"column":16}},"1":{"start":{"line":37,"column":0},"end":{"line":37,"column":16}},"2":{"start":{"line":41,"column":0},"end":{"line":41,"column":16}},"3":{"start":{"line":45,"column":0},"end":{"line":45,"column":16}},"4":{"start":{"line":2,"column":0},"end":{"line":2,"column":42}},"5":{"start":{"line":3,"column":0},"end":{"line":3,"column":45}},"6":{"start":{"line":12,"column":2},"end":{"line":34,"column":4}},"7":{"start":{"line":13,"column":4},"end":{"line":33,"column":5}},"8":{"start":{"line":14,"column":6},"end":{"line":16,"column":7}},"9":{"start":{"line":15,"column":8},"end":{"line":15,"column":48}},"10":{"start":{"line":17,"column":6},"end":{"line":19,"column":7}},"11":{"start":{"line":18,"column":8},"end":{"line":18,"column":58}},"12":{"start":{"line":20,"column":6},"end":{"line":22,"column":7}},"13":{"start":{"line":21,"column":8},"end":{"line":21,"column":54}},"14":{"start":{"line":23,"column":6},"end":{"line":23,"column":13}},"15":{"start":{"line":25,"column":6},"end":{"line":32,"column":7}},"16":{"start":{"line":26,"column":25},"end":{"line":27,"column":null}},"17":{"start":{"line":27,"column":17},"end":{"line":27,"column":52}},"18":{"start":{"line":29,"column":8},"end":{"line":29,"column":55}},"19":{"start":{"line":31,"column":8},"end":{"line":31,"column":20}},"20":{"start":{"line":38,"column":2},"end":{"line":38,"column":36}},"21":{"start":{"line":42,"column":2},"end":{"line":42,"column":37}},"22":{"start":{"line":46,"column":2},"end":{"line":46,"column":38}}},"fnMap":{"0":{"name":"validate","decl":{"start":{"line":11,"column":16},"end":{"line":11,"column":24}},"loc":{"start":{"line":11,"column":51},"end":{"line":35,"column":1}}},"1":{"name":"(anonymous_1)","decl":{"start":{"line":12,"column":9},"end":{"line":12,"column":10}},"loc":{"start":{"line":12,"column":68},"end":{"line":34,"column":3}}},"2":{"name":"(anonymous_2)","decl":{"start":{"line":27,"column":10},"end":{"line":27,"column":11}},"loc":{"start":{"line":27,"column":17},"end":{"line":27,"column":52}}},"3":{"name":"validateBody","decl":{"start":{"line":37,"column":16},"end":{"line":37,"column":28}},"loc":{"start":{"line":37,"column":46},"end":{"line":39,"column":1}}},"4":{"name":"validateQuery","decl":{"start":{"line":41,"column":16},"end":{"line":41,"column":29}},"loc":{"start":{"line":41,"column":47},"end":{"line":43,"column":1}}},"5":{"name":"validateParams","decl":{"start":{"line":45,"column":16},"end":{"line":45,"column":30}},"loc":{"start":{"line":45,"column":48},"end":{"line":47,"column":1}}}},"branchMap":{"0":{"loc":{"start":{"line":14,"column":6},"end":{"line":16,"column":7}},"type":"if","locations":[{"start":{"line":14,"column":6},"end":{"line":16,"column":7}},{"start":{},"end":{}}]},"1":{"loc":{"start":{"line":17,"column":6},"end":{"line":19,"column":7}},"type":"if","locations":[{"start":{"line":17,"column":6},"end":{"line":19,"column":7}},{"start":{},"end":{}}]},"2":{"loc":{"start":{"line":20,"column":6},"end":{"line":22,"column":7}},"type":"if","locations":[{"start":{"line":20,"column":6},"end":{"line":22,"column":7}},{"start":{},"end":{}}]},"3":{"loc":{"start":{"line":25,"column":6},"end":{"line":32,"column":7}},"type":"if","locations":[{"start":{"line":25,"column":6},"end":{"line":32,"column":7}},{"start":{"line":30,"column":13},"end":{"line":32,"column":7}}]}},"s":{"0":1,"1":1,"2":1,"3":1,"4":1,"5":1,"6":9,"7":9,"8":9,"9":4,"10":8,"11":2,"12":8,"13":2,"14":8,"15":1,"16":1,"17":1,"18":1,"19":0,"20":1,"21":1,"22":1},"f":{"0":9,"1":9,"2":1,"3":1,"4":1,"5":1},"b":{"0":[4,5],"1":[2,6],"2":[2,6],"3":[1,0]}}
,"C:\\Users\\altam\\Downloads\\FastFeast\\backend\\src\\utils\\ApiError.ts": {"path":"C:\\Users\\altam\\Downloads\\FastFeast\\backend\\src\\utils\\ApiError.ts","statementMap":{"0":{"start":{"line":6,"column":4},"end":{"line":6,"column":19}},"1":{"start":{"line":7,"column":4},"end":{"line":7,"column":33}},"2":{"start":{"line":8,"column":4},"end":{"line":8,"column":39}},"3":{"start":{"line":9,"column":4},"end":{"line":9,"column":52}},"4":{"start":{"line":13,"column":4},"end":{"line":13,"column":38}},"5":{"start":{"line":17,"column":4},"end":{"line":17,"column":38}},"6":{"start":{"line":21,"column":4},"end":{"line":21,"column":38}},"7":{"start":{"line":25,"column":4},"end":{"line":25,"column":38}},"8":{"start":{"line":29,"column":4},"end":{"line":29,"column":38}},"9":{"start":{"line":33,"column":4},"end":{"line":33,"column":38}},"10":{"start":{"line":37,"column":4},"end":{"line":37,"column":45}},"11":{"start":{"line":1,"column":0},"end":{"line":1,"column":13}}},"fnMap":{"0":{"name":"(anonymous_0)","decl":{"start":{"line":5,"column":2},"end":{"line":5,"column":14}},"loc":{"start":{"line":5,"column":71},"end":{"line":10,"column":3}}},"1":{"name":"(anonymous_1)","decl":{"start":{"line":12,"column":2},"end":{"line":12,"column":8}},"loc":{"start":{"line":12,"column":35},"end":{"line":14,"column":3}}},"2":{"name":"(anonymous_2)","decl":{"start":{"line":16,"column":2},"end":{"line":16,"column":8}},"loc":{"start":{"line":16,"column":46},"end":{"line":18,"column":3}}},"3":{"name":"(anonymous_3)","decl":{"start":{"line":20,"column":2},"end":{"line":20,"column":8}},"loc":{"start":{"line":20,"column":40},"end":{"line":22,"column":3}}},"4":{"name":"(anonymous_4)","decl":{"start":{"line":24,"column":2},"end":{"line":24,"column":8}},"loc":{"start":{"line":24,"column":48},"end":{"line":26,"column":3}}},"5":{"name":"(anonymous_5)","decl":{"start":{"line":28,"column":2},"end":{"line":28,"column":8}},"loc":{"start":{"line":28,"column":33},"end":{"line":30,"column":3}}},"6":{"name":"(anonymous_6)","decl":{"start":{"line":32,"column":2},"end":{"line":32,"column":8}},"loc":{"start":{"line":32,"column":46},"end":{"line":34,"column":3}}},"7":{"name":"(anonymous_7)","decl":{"start":{"line":36,"column":2},"end":{"line":36,"column":8}},"loc":{"start":{"line":36,"column":51},"end":{"line":38,"column":3}}}},"branchMap":{"0":{"loc":{"start":{"line":5,"column":51},"end":{"line":5,"column":71}},"type":"default-arg","locations":[{"start":{"line":5,"column":67},"end":{"line":5,"column":71}}]},"1":{"loc":{"start":{"line":16,"column":22},"end":{"line":16,"column":46}},"type":"default-arg","locations":[{"start":{"line":16,"column":32},"end":{"line":16,"column":46}}]},"2":{"loc":{"start":{"line":20,"column":19},"end":{"line":20,"column":40}},"type":"default-arg","locations":[{"start":{"line":20,"column":29},"end":{"line":20,"column":40}}]},"3":{"loc":{"start":{"line":24,"column":18},"end":{"line":24,"column":48}},"type":"default-arg","locations":[{"start":{"line":24,"column":28},"end":{"line":24,"column":48}}]},"4":{"loc":{"start":{"line":32,"column":17},"end":{"line":32,"column":46}},"type":"default-arg","locations":[{"start":{"line":32,"column":27},"end":{"line":32,"column":46}}]},"5":{"loc":{"start":{"line":36,"column":18},"end":{"line":36,"column":51}},"type":"default-arg","locations":[{"start":{"line":36,"column":28},"end":{"line":36,"column":51}}]}},"s":{"0":68,"1":68,"2":68,"3":68,"4":11,"5":8,"6":12,"7":23,"8":7,"9":1,"10":3,"11":11},"f":{"0":68,"1":11,"2":8,"3":12,"4":23,"5":7,"6":1,"7":3},"b":{"0":[64],"1":[1],"2":[1],"3":[2],"4":[1],"5":[0]}}
,"C:\\Users\\altam\\Downloads\\FastFeast\\backend\\src\\utils\\ApiResponse.ts": {"path":"C:\\Users\\altam\\Downloads\\FastFeast\\backend\\src\\utils\\ApiResponse.ts","statementMap":{"0":{"start":{"line":13,"column":4},"end":{"line":13,"column":24}},"1":{"start":{"line":14,"column":4},"end":{"line":14,"column":21}},"2":{"start":{"line":15,"column":4},"end":{"line":15,"column":36}},"3":{"start":{"line":16,"column":4},"end":{"line":16,"column":30}},"4":{"start":{"line":20,"column":4},"end":{"line":20,"column":46}},"5":{"start":{"line":30,"column":4},"end":{"line":39,"column":7}},"6":{"start":{"line":6,"column":0},"end":{"line":6,"column":13}}},"fnMap":{"0":{"name":"(anonymous_0)","decl":{"start":{"line":12,"column":2},"end":{"line":12,"column":14}},"loc":{"start":{"line":12,"column":51},"end":{"line":17,"column":3}}},"1":{"name":"(anonymous_1)","decl":{"start":{"line":19,"column":2},"end":{"line":19,"column":8}},"loc":{"start":{"line":19,"column":45},"end":{"line":21,"column":3}}},"2":{"name":"(anonymous_2)","decl":{"start":{"line":23,"column":2},"end":{"line":23,"column":8}},"loc":{"start":{"line":28,"column":20},"end":{"line":40,"column":3}}}},"branchMap":{},"s":{"0":80,"1":80,"2":80,"3":80,"4":51,"5":27,"6":7},"f":{"0":80,"1":51,"2":27},"b":{}}
,"C:\\Users\\altam\\Downloads\\FastFeast\\backend\\src\\utils\\asyncHandler.ts": {"path":"C:\\Users\\altam\\Downloads\\FastFeast\\backend\\src\\utils\\asyncHandler.ts","statementMap":{"0":{"start":{"line":9,"column":0},"end":{"line":9,"column":16}},"1":{"start":{"line":10,"column":2},"end":{"line":12,"column":4}},"2":{"start":{"line":11,"column":4},"end":{"line":11,"column":59}}},"fnMap":{"0":{"name":"asyncHandler","decl":{"start":{"line":9,"column":16},"end":{"line":9,"column":28}},"loc":{"start":{"line":9,"column":52},"end":{"line":13,"column":1}}},"1":{"name":"(anonymous_1)","decl":{"start":{"line":10,"column":9},"end":{"line":10,"column":10}},"loc":{"start":{"line":10,"column":76},"end":{"line":12,"column":3}}}},"branchMap":{},"s":{"0":8,"1":49,"2":128},"f":{"0":49,"1":128},"b":{}}
,"C:\\Users\\altam\\Downloads\\FastFeast\\backend\\src\\utils\\constants.ts": {"path":"C:\\Users\\altam\\Downloads\\FastFeast\\backend\\src\\utils\\constants.ts","statementMap":{"0":{"start":{"line":1,"column":13},"end":{"line":7,"column":11}},"1":{"start":{"line":11,"column":13},"end":{"line":11,"column":62}},"2":{"start":{"line":14,"column":13},"end":{"line":14,"column":63}},"3":{"start":{"line":17,"column":13},"end":{"line":17,"column":69}},"4":{"start":{"line":20,"column":13},"end":{"line":20,"column":30}},"5":{"start":{"line":21,"column":13},"end":{"line":21,"column":29}},"6":{"start":{"line":22,"column":13},"end":{"line":22,"column":38}},"7":{"start":{"line":23,"column":13},"end":{"line":23,"column":34}},"8":{"start":{"line":25,"column":13},"end":{"line":25,"column":39}},"9":{"start":{"line":27,"column":13},"end":{"line":27,"column":30}},"10":{"start":{"line":28,"column":13},"end":{"line":28,"column":32}},"11":{"start":{"line":29,"column":13},"end":{"line":29,"column":29}}},"fnMap":{},"branchMap":{},"s":{"0":4,"1":4,"2":4,"3":4,"4":4,"5":4,"6":4,"7":4,"8":4,"9":4,"10":4,"11":4},"f":{},"b":{}}
,"C:\\Users\\altam\\Downloads\\FastFeast\\backend\\src\\utils\\generateToken.ts": {"path":"C:\\Users\\altam\\Downloads\\FastFeast\\backend\\src\\utils\\generateToken.ts","statementMap":{"0":{"start":{"line":11,"column":0},"end":{"line":11,"column":16}},"1":{"start":{"line":17,"column":0},"end":{"line":17,"column":16}},"2":{"start":{"line":2,"column":0},"end":{"line":2,"column":31}},"3":{"start":{"line":3,"column":0},"end":{"line":3,"column":36}},"4":{"start":{"line":12,"column":2},"end":{"line":14,"column":24}},"5":{"start":{"line":23,"column":15},"end":{"line":27,"column":12}},"6":{"start":{"line":29,"column":2},"end":{"line":33,"column":5}}},"fnMap":{"0":{"name":"generateToken","decl":{"start":{"line":11,"column":16},"end":{"line":11,"column":29}},"loc":{"start":{"line":11,"column":51},"end":{"line":15,"column":1}}},"1":{"name":"generateTokenWithUser","decl":{"start":{"line":17,"column":16},"end":{"line":17,"column":37}},"loc":{"start":{"line":22,"column":1},"end":{"line":34,"column":1}}}},"branchMap":{"0":{"loc":{"start":{"line":23,"column":15},"end":{"line":27,"column":12}},"type":"cond-expr","locations":[{"start":{"line":24,"column":6},"end":{"line":24,"column":13}},{"start":{"line":25,"column":6},"end":{"line":27,"column":12}}]},"1":{"loc":{"start":{"line":25,"column":6},"end":{"line":27,"column":12}},"type":"cond-expr","locations":[{"start":{"line":26,"column":6},"end":{"line":26,"column":21}},{"start":{"line":27,"column":6},"end":{"line":27,"column":12}}]}},"s":{"0":1,"1":1,"2":1,"3":1,"4":8,"5":4,"6":4},"f":{"0":8,"1":4},"b":{"0":[1,3],"1":[1,2]}}
}
