TN:
SF:src\config\env.ts
FN:17,getEnvVar
FNF:1
FNH:1
FNDA:24,getEnvVar
DA:1,3
DA:2,3
DA:4,3
DA:18,24
DA:19,24
DA:20,0
DA:22,24
DA:25,3
DA:36,3
DA:37,3
LF:10
LH:9
BRDA:18,0,0,24
BRDA:18,0,1,0
BRDA:19,1,0,0
BRDA:19,1,1,24
BRF:4
BRH:2
end_of_record
TN:
SF:src\controllers\auth.controller.ts
FN:53,(anonymous_0)
FN:85,(anonymous_1)
FN:105,(anonymous_2)
FN:115,(anonymous_3)
FN:138,(anonymous_4)
FN:154,(anonymous_5)
FNF:6
FNH:6
FNDA:3,(anonymous_0)
FNDA:3,(anonymous_1)
FNDA:2,(anonymous_2)
FNDA:2,(anonymous_3)
FNDA:1,(anonymous_4)
FNDA:4,(anonymous_5)
DA:2,1
DA:3,1
DA:4,1
DA:5,1
DA:6,1
DA:7,1
DA:12,1
DA:27,1
DA:32,1
DA:38,1
DA:53,1
DA:54,3
DA:56,3
DA:60,3
DA:61,2
DA:62,2
DA:65,1
DA:72,1
DA:74,1
DA:85,1
DA:86,3
DA:88,3
DA:89,3
DA:90,1
DA:93,2
DA:94,2
DA:95,1
DA:98,1
DA:100,1
DA:105,1
DA:106,2
DA:107,2
DA:108,1
DA:111,1
DA:114,1
DA:116,2
DA:124,2
DA:125,1
DA:130,1
DA:131,0
DA:134,1
DA:138,1
DA:139,1
DA:142,1
DA:143,1
DA:145,1
DA:153,1
DA:155,4
DA:158,4
DA:159,1
DA:162,3
DA:164,3
DA:165,2
DA:166,1
DA:169,1
DA:174,1
DA:182,2
DA:184,2
LF:58
LH:57
BRDA:60,0,0,2
BRDA:60,0,1,1
BRDA:61,1,0,1
BRDA:61,1,1,1
BRDA:89,2,0,1
BRDA:89,2,1,2
BRDA:94,3,0,1
BRDA:94,3,1,1
BRDA:107,4,0,1
BRDA:107,4,1,1
BRDA:130,5,0,0
BRDA:130,5,1,1
BRDA:158,6,0,1
BRDA:158,6,1,3
BRDA:164,7,0,2
BRDA:164,7,1,1
BRDA:165,8,0,1
BRDA:165,8,1,1
BRF:18
BRH:17
end_of_record
TN:
SF:src\controllers\canteen.controller.ts
FN:31,(anonymous_0)
FN:65,(anonymous_1)
FN:78,(anonymous_2)
FN:99,(anonymous_3)
FN:118,(anonymous_4)
FN:145,(anonymous_5)
FN:162,(anonymous_6)
FN:178,(anonymous_7)
FNF:8
FNH:8
FNDA:4,(anonymous_0)
FNDA:2,(anonymous_1)
FNDA:2,(anonymous_2)
FNDA:3,(anonymous_3)
FNDA:3,(anonymous_4)
FNDA:3,(anonymous_5)
FNDA:2,(anonymous_6)
FNDA:1,(anonymous_7)
DA:2,1
DA:3,1
DA:4,1
DA:5,1
DA:6,1
DA:8,1
DA:12,1
DA:26,1
DA:30,1
DA:32,4
DA:33,4
DA:37,4
DA:39,4
DA:41,4
DA:42,1
DA:45,4
DA:46,1
DA:49,4
DA:50,4
DA:52,4
DA:60,4
DA:64,1
DA:66,2
DA:68,2
DA:69,2
DA:70,1
DA:73,1
DA:77,1
DA:79,2
DA:81,2
DA:82,2
DA:83,1
DA:86,1
DA:89,1
DA:98,1
DA:100,3
DA:101,1
DA:104,2
DA:106,2
DA:111,2
DA:117,1
DA:119,3
DA:120,3
DA:122,3
DA:123,3
DA:124,1
DA:128,2
DA:132,1
DA:135,1
DA:140,1
DA:144,1
DA:146,3
DA:148,3
DA:149,1
DA:152,2
DA:153,2
DA:154,1
DA:157,1
DA:161,1
DA:163,2
DA:165,2
DA:166,1
DA:169,1
DA:170,1
DA:171,1
DA:173,1
DA:174,0
DA:177,1
DA:178,1
DA:180,1
DA:188,1
LF:71
LH:70
BRDA:32,0,0,4
BRDA:32,0,1,4
BRDA:35,1,0,4
BRDA:35,1,1,4
BRDA:41,2,0,1
BRDA:41,2,1,3
BRDA:45,3,0,1
BRDA:45,3,1,3
BRDA:49,4,0,4
BRDA:49,4,1,3
BRDA:50,5,0,1
BRDA:50,5,1,3
BRDA:69,6,0,1
BRDA:69,6,1,1
BRDA:82,7,0,1
BRDA:82,7,1,1
BRDA:100,8,0,1
BRDA:100,8,1,2
BRDA:100,9,0,3
BRDA:100,9,1,2
BRDA:108,10,0,1
BRDA:108,10,1,1
BRDA:123,11,0,1
BRDA:123,11,1,2
BRDA:128,12,0,1
BRDA:128,12,1,1
BRDA:129,13,0,2
BRDA:129,13,1,2
BRDA:148,14,0,1
BRDA:148,14,1,2
BRDA:153,15,0,1
BRDA:153,15,1,1
BRDA:165,16,0,1
BRDA:165,16,1,1
BRDA:165,17,0,2
BRDA:165,17,1,1
BRDA:170,18,0,1
BRDA:170,18,1,0
BRDA:173,19,0,0
BRDA:173,19,1,1
BRDA:173,20,0,1
BRDA:173,20,1,0
BRF:42
BRH:39
end_of_record
TN:
SF:src\controllers\menu.controller.ts
FN:33,(anonymous_0)
FN:81,(anonymous_1)
FN:91,(anonymous_2)
FN:103,(anonymous_3)
FN:120,(anonymous_4)
FN:131,(anonymous_5)
FN:147,(anonymous_6)
FN:163,(anonymous_7)
FNF:8
FNH:8
FNDA:9,(anonymous_0)
FNDA:2,(anonymous_1)
FNDA:2,(anonymous_2)
FNDA:2,(anonymous_3)
FNDA:2,(anonymous_4)
FNDA:3,(anonymous_5)
FNDA:2,(anonymous_6)
FNDA:2,(anonymous_7)
DA:2,1
DA:3,1
DA:4,1
DA:5,1
DA:6,1
DA:8,1
DA:12,1
DA:28,1
DA:32,1
DA:34,9
DA:35,9
DA:39,9
DA:41,9
DA:43,9
DA:44,1
DA:46,9
DA:47,1
DA:49,9
DA:50,1
DA:52,9
DA:53,1
DA:55,9
DA:56,1
DA:58,9
DA:59,1
DA:61,9
DA:62,1
DA:65,9
DA:66,9
DA:68,9
DA:76,9
DA:80,1
DA:82,2
DA:83,2
DA:84,1
DA:86,1
DA:90,1
DA:92,2
DA:94,1
DA:96,1
DA:102,1
DA:104,2
DA:106,2
DA:111,2
DA:112,1
DA:115,1
DA:119,1
DA:121,2
DA:122,2
DA:123,1
DA:126,1
DA:130,1
DA:132,3
DA:137,3
DA:142,3
DA:146,1
DA:148,2
DA:153,2
DA:158,2
DA:162,1
DA:164,2
DA:166,2
DA:170,2
DA:171,2
DA:172,2
DA:173,2
DA:175,2
DA:178,2
LF:68
LH:68
BRDA:34,0,0,9
BRDA:34,0,1,9
BRDA:37,1,0,9
BRDA:37,1,1,9
BRDA:43,2,0,1
BRDA:43,2,1,8
BRDA:46,3,0,1
BRDA:46,3,1,8
BRDA:49,4,0,1
BRDA:49,4,1,8
BRDA:52,5,0,1
BRDA:52,5,1,8
BRDA:55,6,0,1
BRDA:55,6,1,8
BRDA:58,7,0,1
BRDA:58,7,1,8
BRDA:61,8,0,1
BRDA:61,8,1,8
BRDA:65,9,0,9
BRDA:65,9,1,9
BRDA:66,10,0,0
BRDA:66,10,1,9
BRDA:83,11,0,1
BRDA:83,11,1,1
BRDA:111,12,0,1
BRDA:111,12,1,1
BRDA:122,13,0,1
BRDA:122,13,1,1
BRDA:134,14,0,3
BRDA:134,14,1,1
BRDA:150,15,0,2
BRDA:150,15,1,2
BRDA:172,16,0,2
BRDA:172,16,1,0
BRF:34
BRH:32
end_of_record
TN:
SF:src\controllers\offer.controller.ts
FN:37,(anonymous_0)
FN:47,(anonymous_1)
FN:64,(anonymous_2)
FN:81,(anonymous_3)
FN:95,(anonymous_4)
FN:122,(anonymous_5)
FN:137,(anonymous_6)
FN:183,(anonymous_7)
FNF:8
FNH:8
FNDA:2,(anonymous_0)
FNDA:2,(anonymous_1)
FNDA:2,(anonymous_2)
FNDA:2,(anonymous_3)
FNDA:3,(anonymous_4)
FNDA:1,(anonymous_5)
FNDA:5,(anonymous_6)
FNDA:3,(anonymous_7)
DA:2,1
DA:3,1
DA:4,1
DA:5,1
DA:6,1
DA:11,1
DA:23,1
DA:36,1
DA:38,2
DA:42,2
DA:46,1
DA:48,2
DA:50,2
DA:51,2
DA:52,1
DA:55,1
DA:57,1
DA:63,1
DA:65,2
DA:67,2
DA:72,2
DA:73,1
DA:76,1
DA:80,1
DA:82,2
DA:86,2
DA:87,1
DA:90,1
DA:94,1
DA:96,3
DA:98,3
DA:99,3
DA:100,1
DA:103,2
DA:104,1
DA:107,1
DA:108,1
DA:110,1
DA:121,1
DA:123,1
DA:132,1
DA:136,1
DA:138,5
DA:139,5
DA:141,5
DA:151,5
DA:152,1
DA:155,4
DA:156,1
DA:159,3
DA:160,3
DA:161,1
DA:166,2
DA:167,2
DA:168,1
DA:170,1
DA:173,2
DA:182,1
DA:184,3
DA:186,3
DA:187,3
DA:188,1
DA:191,2
DA:192,2
DA:193,1
DA:196,2
DA:198,2
LF:67
LH:67
BRDA:51,0,0,1
BRDA:51,0,1,1
BRDA:72,1,0,1
BRDA:72,1,1,1
BRDA:86,2,0,1
BRDA:86,2,1,1
BRDA:99,3,0,1
BRDA:99,3,1,2
BRDA:103,4,0,1
BRDA:103,4,1,1
BRDA:103,5,0,2
BRDA:103,5,1,2
BRDA:151,6,0,1
BRDA:151,6,1,4
BRDA:155,7,0,1
BRDA:155,7,1,3
BRDA:159,8,0,3
BRDA:159,8,1,0
BRDA:160,9,0,1
BRDA:160,9,1,2
BRDA:167,10,0,1
BRDA:167,10,1,1
BRDA:187,11,0,1
BRDA:187,11,1,2
BRDA:192,12,0,1
BRDA:192,12,1,1
BRF:26
BRH:25
end_of_record
TN:
SF:src\controllers\order.controller.ts
FN:53,(anonymous_0)
FN:63,(anonymous_1)
FN:74,(anonymous_2)
FN:78,(anonymous_3)
FN:137,(anonymous_4)
FN:166,(anonymous_5)
FN:186,(anonymous_6)
FN:216,(anonymous_7)
FN:248,(anonymous_8)
FN:263,(anonymous_9)
FNF:10
FNH:10
FNDA:4,(anonymous_0)
FNDA:3,(anonymous_1)
FNDA:2,(anonymous_2)
FNDA:2,(anonymous_3)
FNDA:1,(anonymous_4)
FNDA:4,(anonymous_5)
FNDA:1,(anonymous_6)
FNDA:3,(anonymous_7)
FNDA:1,(anonymous_8)
FNDA:4,(anonymous_9)
DA:2,1
DA:3,1
DA:4,1
DA:5,1
DA:6,1
DA:8,1
DA:21,1
DA:29,1
DA:40,1
DA:52,1
DA:54,4
DA:57,4
DA:58,4
DA:59,1
DA:63,3
DA:64,3
DA:69,3
DA:70,1
DA:73,2
DA:74,2
DA:77,2
DA:78,2
DA:79,2
DA:80,2
DA:81,2
DA:83,2
DA:96,2
DA:97,2
DA:98,2
DA:101,2
DA:107,2
DA:126,2
DA:130,2
DA:136,1
DA:138,1
DA:139,1
DA:143,1
DA:145,1
DA:149,1
DA:150,0
DA:153,1
DA:161,1
DA:165,1
DA:167,4
DA:168,4
DA:169,1
DA:173,3
DA:178,1
DA:181,2
DA:185,1
DA:187,1
DA:189,1
DA:190,1
DA:194,1
DA:196,1
DA:198,1
DA:199,0
DA:202,1
DA:211,1
DA:215,1
DA:217,3
DA:218,3
DA:220,3
DA:221,3
DA:222,1
DA:226,2
DA:234,2
DA:235,1
DA:240,1
DA:241,1
DA:243,1
DA:247,1
DA:249,1
DA:254,1
DA:258,1
DA:262,1
DA:264,4
DA:266,4
DA:267,4
DA:268,1
DA:271,3
DA:272,1
DA:275,2
DA:276,1
DA:281,1
DA:282,1
DA:284,1
LF:87
LH:85
BRDA:58,0,0,1
BRDA:58,0,1,3
BRDA:69,1,0,1
BRDA:69,1,1,2
BRDA:97,2,0,1
BRDA:97,2,1,1
BRDA:119,3,0,2
BRDA:119,3,1,2
BRDA:122,4,0,2
BRDA:122,4,1,0
BRDA:138,5,0,1
BRDA:138,5,1,1
BRDA:141,6,0,1
BRDA:141,6,1,1
BRDA:149,7,0,0
BRDA:149,7,1,1
BRDA:168,8,0,1
BRDA:168,8,1,3
BRDA:173,9,0,1
BRDA:173,9,1,2
BRDA:174,10,0,3
BRDA:174,10,1,2
BRDA:174,10,2,1
BRDA:189,11,0,1
BRDA:189,11,1,1
BRDA:192,12,0,1
BRDA:192,12,1,1
BRDA:198,13,0,0
BRDA:198,13,1,1
BRDA:221,14,0,1
BRDA:221,14,1,2
BRDA:234,15,0,1
BRDA:234,15,1,1
BRDA:267,16,0,1
BRDA:267,16,1,3
BRDA:271,17,0,1
BRDA:271,17,1,2
BRDA:275,18,0,1
BRDA:275,18,1,1
BRF:39
BRH:36
end_of_record
TN:
SF:src\controllers\user.controller.ts
FN:27,(anonymous_9)
FN:61,(anonymous_10)
FN:98,(anonymous_11)
FN:121,(anonymous_12)
FN:152,(anonymous_13)
FN:186,(anonymous_14)
FN:195,(anonymous_15)
FNF:7
FNH:7
FNDA:3,(anonymous_9)
FNDA:4,(anonymous_10)
FNDA:3,(anonymous_11)
FNDA:3,(anonymous_12)
FNDA:3,(anonymous_13)
FNDA:3,(anonymous_14)
FNDA:2,(anonymous_15)
DA:2,1
DA:3,1
DA:4,1
DA:5,1
DA:6,1
DA:11,1
DA:20,1
DA:26,1
DA:28,3
DA:29,3
DA:30,1
DA:33,2
DA:45,2
DA:51,2
DA:60,1
DA:62,4
DA:64,4
DA:65,1
DA:69,1
DA:70,1
DA:74,3
DA:75,1
DA:79,1
DA:80,1
DA:84,2
DA:89,2
DA:90,1
DA:93,1
DA:97,1
DA:99,3
DA:101,2
DA:107,2
DA:108,1
DA:111,1
DA:120,1
DA:122,3
DA:123,3
DA:127,3
DA:129,3
DA:133,3
DA:134,1
DA:137,3
DA:145,3
DA:151,1
DA:153,3
DA:154,1
DA:157,2
DA:158,2
DA:162,2
DA:164,2
DA:165,2
DA:166,1
DA:173,2
DA:181,2
DA:185,1
DA:187,3
DA:188,1
DA:192,2
DA:195,2
DA:208,2
DA:211,2
DA:217,2
LF:62
LH:62
BRDA:29,0,0,1
BRDA:29,0,1,2
BRDA:45,1,0,2
BRDA:45,1,1,1
BRDA:64,2,0,1
BRDA:64,2,1,3
BRDA:69,3,0,1
BRDA:69,3,1,0
BRDA:74,4,0,1
BRDA:74,4,1,2
BRDA:79,5,0,1
BRDA:79,5,1,0
BRDA:89,6,0,1
BRDA:89,6,1,1
BRDA:107,7,0,1
BRDA:107,7,1,1
BRDA:122,8,0,3
BRDA:122,8,1,3
BRDA:125,9,0,3
BRDA:125,9,1,3
BRDA:133,10,0,1
BRDA:133,10,1,2
BRDA:153,11,0,1
BRDA:153,11,1,2
BRDA:157,12,0,2
BRDA:157,12,1,2
BRDA:160,13,0,2
BRDA:160,13,1,2
BRDA:165,14,0,1
BRDA:165,14,1,1
BRDA:187,15,0,1
BRDA:187,15,1,2
BRDA:208,16,0,2
BRDA:208,16,1,1
BRF:34
BRH:32
end_of_record
TN:
SF:src\middleware\auth.middleware.ts
FN:18,(anonymous_1)
FN:48,(anonymous_2)
FN:72,(anonymous_3)
FN:88,(anonymous_4)
FNF:4
FNH:4
FNDA:5,(anonymous_1)
FNDA:3,(anonymous_2)
FNDA:3,(anonymous_3)
FNDA:3,(anonymous_4)
DA:2,1
DA:3,1
DA:4,1
DA:5,1
DA:6,1
DA:17,1
DA:21,5
DA:22,5
DA:23,3
DA:26,5
DA:27,2
DA:30,3
DA:31,3
DA:32,2
DA:34,2
DA:35,1
DA:38,1
DA:39,1
DA:41,2
DA:42,1
DA:47,1
DA:51,3
DA:52,3
DA:53,2
DA:56,3
DA:57,2
DA:58,2
DA:59,1
DA:60,1
DA:61,1
DA:68,3
DA:72,1
DA:77,3
DA:78,3
DA:79,2
DA:80,2
DA:82,1
DA:84,0
DA:88,1
DA:93,3
DA:94,3
DA:95,1
DA:96,1
DA:98,2
DA:100,0
LF:45
LH:43
BRDA:22,0,0,3
BRDA:22,0,1,2
BRDA:26,1,0,2
BRDA:26,1,1,3
BRDA:34,2,0,1
BRDA:34,2,1,1
BRDA:41,3,0,1
BRDA:41,3,1,1
BRDA:52,4,0,2
BRDA:52,4,1,1
BRDA:56,5,0,2
BRDA:56,5,1,1
BRDA:60,6,0,1
BRDA:60,6,1,0
BRDA:78,7,0,2
BRDA:78,7,1,1
BRDA:94,8,0,1
BRDA:94,8,1,2
BRDA:94,9,0,3
BRDA:94,9,1,2
BRF:20
BRH:19
end_of_record
TN:
SF:src\middleware\error.middleware.ts
FN:6,errorHandler
FN:24,(anonymous_2)
FNF:2
FNH:2
FNDA:7,errorHandler
FNDA:2,(anonymous_2)
DA:2,1
DA:3,1
DA:4,1
DA:6,1
DA:12,7
DA:14,7
DA:15,3
DA:20,3
DA:23,4
DA:24,2
DA:25,1
DA:30,1
DA:33,3
DA:34,1
DA:38,1
DA:41,2
DA:42,1
DA:43,1
DA:47,1
DA:50,1
LF:20
LH:20
BRDA:14,0,0,3
BRDA:14,0,1,4
BRDA:18,1,0,3
BRDA:18,1,1,0
BRDA:23,2,0,1
BRDA:23,2,1,3
BRDA:33,3,0,1
BRDA:33,3,1,2
BRDA:41,4,0,1
BRDA:41,4,1,1
BRDA:52,5,0,0
BRDA:52,5,1,1
BRDA:53,6,0,1
BRDA:53,6,1,0
BRF:14
BRH:11
end_of_record
TN:
SF:src\middleware\validate.middleware.ts
FN:11,validate
FN:12,(anonymous_1)
FN:27,(anonymous_2)
FN:37,validateBody
FN:41,validateQuery
FN:45,validateParams
FNF:6
FNH:6
FNDA:9,validate
FNDA:9,(anonymous_1)
FNDA:1,(anonymous_2)
FNDA:1,validateBody
FNDA:1,validateQuery
FNDA:1,validateParams
DA:2,1
DA:3,1
DA:11,1
DA:12,9
DA:13,9
DA:14,9
DA:15,4
DA:17,8
DA:18,2
DA:20,8
DA:21,2
DA:23,8
DA:25,1
DA:26,1
DA:27,1
DA:29,1
DA:31,0
DA:37,1
DA:38,1
DA:41,1
DA:42,1
DA:45,1
DA:46,1
LF:23
LH:22
BRDA:14,0,0,4
BRDA:14,0,1,5
BRDA:17,1,0,2
BRDA:17,1,1,6
BRDA:20,2,0,2
BRDA:20,2,1,6
BRDA:25,3,0,1
BRDA:25,3,1,0
BRF:8
BRH:7
end_of_record
TN:
SF:src\utils\ApiError.ts
FN:5,(anonymous_0)
FN:12,(anonymous_1)
FN:16,(anonymous_2)
FN:20,(anonymous_3)
FN:24,(anonymous_4)
FN:28,(anonymous_5)
FN:32,(anonymous_6)
FN:36,(anonymous_7)
FNF:8
FNH:8
FNDA:68,(anonymous_0)
FNDA:11,(anonymous_1)
FNDA:8,(anonymous_2)
FNDA:12,(anonymous_3)
FNDA:23,(anonymous_4)
FNDA:7,(anonymous_5)
FNDA:1,(anonymous_6)
FNDA:3,(anonymous_7)
DA:1,11
DA:6,68
DA:7,68
DA:8,68
DA:9,68
DA:13,11
DA:17,8
DA:21,12
DA:25,23
DA:29,7
DA:33,1
DA:37,3
LF:12
LH:12
BRDA:5,0,0,64
BRDA:16,1,0,1
BRDA:20,2,0,1
BRDA:24,3,0,2
BRDA:32,4,0,1
BRDA:36,5,0,0
BRF:6
BRH:5
end_of_record
TN:
SF:src\utils\ApiResponse.ts
FN:12,(anonymous_0)
FN:19,(anonymous_1)
FN:23,(anonymous_2)
FNF:3
FNH:3
FNDA:80,(anonymous_0)
FNDA:51,(anonymous_1)
FNDA:27,(anonymous_2)
DA:6,7
DA:13,80
DA:14,80
DA:15,80
DA:16,80
DA:20,51
DA:30,27
LF:7
LH:7
BRF:0
BRH:0
end_of_record
TN:
SF:src\utils\asyncHandler.ts
FN:9,asyncHandler
FN:10,(anonymous_1)
FNF:2
FNH:2
FNDA:49,asyncHandler
FNDA:128,(anonymous_1)
DA:9,8
DA:10,49
DA:11,128
LF:3
LH:3
BRF:0
BRH:0
end_of_record
TN:
SF:src\utils\constants.ts
FNF:0
FNH:0
DA:1,4
DA:11,4
DA:14,4
DA:17,4
DA:20,4
DA:21,4
DA:22,4
DA:23,4
DA:25,4
DA:27,4
DA:28,4
DA:29,4
LF:12
LH:12
BRF:0
BRH:0
end_of_record
TN:
SF:src\utils\generateToken.ts
FN:11,generateToken
FN:17,generateTokenWithUser
FNF:2
FNH:2
FNDA:8,generateToken
FNDA:4,generateTokenWithUser
DA:2,1
DA:3,1
DA:11,1
DA:12,8
DA:17,1
DA:23,4
DA:29,4
LF:7
LH:7
BRDA:23,0,0,1
BRDA:23,0,1,3
BRDA:25,1,0,1
BRDA:25,1,1,2
BRF:4
BRH:4
end_of_record
